
Showing logs for build [32mbmutziu-go-demo-6-master-1[0m stage [32mfrom-build-pack[0m and container [32mstep-credential-initializer-6wbhp[0m
{"level":"warn","ts":1574936523.1845834,"logger":"fallback-logger","caller":"logging/config.go:69","msg":"Fetch GitHub commit ID from kodata failed: \"ref: refs/heads/master\" is not a valid GitHub commit ID"}
{"level":"info","ts":1574936523.1851568,"logger":"fallback-logger","caller":"creds-init/main.go:40","msg":"Credentials initialized."}

Showing logs for build [32mbmutziu-go-demo-6-master-1[0m stage [32mfrom-build-pack[0m and container [32mstep-working-dir-initializer-j8pvp[0m
{"level":"warn","ts":1574936524.0842943,"logger":"fallback-logger","caller":"logging/config.go:69","msg":"Fetch GitHub commit ID from kodata failed: open /var/run/ko/HEAD: no such file or directory"}
{"level":"info","ts":1574936524.086084,"logger":"fallback-logger","caller":"bash/main.go:65","msg":"Successfully executed command \"mkdir -p /workspace/source\""}

Showing logs for build [32mbmutziu-go-demo-6-master-1[0m stage [32mfrom-build-pack[0m and container [32mstep-place-tools[0m

Showing logs for build [32mbmutziu-go-demo-6-master-1[0m stage [32mfrom-build-pack[0m and container [32mstep-git-source-bmutziu-go-demo-6-master-292rg[0m
{"level":"warn","ts":1574936532.2135384,"logger":"fallback-logger","caller":"logging/config.go:69","msg":"Fetch GitHub commit ID from kodata failed: \"ref: refs/heads/master\" is not a valid GitHub commit ID"}
{"level":"info","ts":1574936532.5868728,"logger":"fallback-logger","caller":"git/git.go:102","msg":"Successfully cloned https://github.com/*******/go-demo-6.git @ v2.0.54 in path /workspace/source"}

Showing logs for build [32mbmutziu-go-demo-6-master-1[0m stage [32mfrom-build-pack[0m and container [32mstep-git-merge[0m
Using SHAs from PULL_REFS=master:48c8680c8bdcf30150e4ffd3820e0121862bd3cc
WARNING: no SHAs to merge, falling back to initial cloned commit

Showing logs for build [32mbmutziu-go-demo-6-master-1[0m stage [32mfrom-build-pack[0m and container [32mstep-setup-jx-git-credentials[0m
Generated Git credentials file /workspace/xdg_config/git/credentials

Showing logs for build [32mbmutziu-go-demo-6-master-1[0m stage [32mfrom-build-pack[0m and container [32mstep-build-make-build[0m
go: finding github.com/stretchr/objx v0.1.1
go: finding github.com/prometheus/client_model v0.0.0-20180712105110-5c3871d89910
go: finding github.com/prometheus/common v0.0.0-20181126121408-4724e9255275
go: finding github.com/pmezard/go-difflib v1.0.0
go: finding github.com/prometheus/client_golang v0.9.2
go: finding github.com/matttproud/golang_protobuf_extensions v1.0.1
go: finding github.com/beorn7/perks v0.0.0-20180321164747-3a771d992973
go: finding github.com/prometheus/procfs v0.0.0-20181204211112-1dc9a6cbc91a
go: finding github.com/stretchr/testify v1.2.2
go: finding gopkg.in/mgo.v2 v2.0.0-20180705113604-9856a29383ce
go: finding github.com/davecgh/go-spew v1.1.1
go: finding github.com/golang/protobuf v1.2.0
go: finding golang.org/x/net v0.0.0-20181201002055-351d144fa1fc
go: finding golang.org/x/sync v0.0.0-20181108010431-42b317875d0f
go: downloading github.com/prometheus/client_golang v0.9.2
go: downloading gopkg.in/mgo.v2 v2.0.0-20180705113604-9856a29383ce
go: extracting github.com/prometheus/client_golang v0.9.2
go: downloading github.com/beorn7/perks v0.0.0-20180321164747-3a771d992973
go: downloading github.com/prometheus/common v0.0.0-20181126121408-4724e9255275
go: downloading github.com/prometheus/client_model v0.0.0-20180712105110-5c3871d89910
go: downloading github.com/prometheus/procfs v0.0.0-20181204211112-1dc9a6cbc91a
go: downloading github.com/golang/protobuf v1.2.0
go: extracting github.com/beorn7/perks v0.0.0-20180321164747-3a771d992973
go: extracting github.com/prometheus/client_model v0.0.0-20180712105110-5c3871d89910
go: extracting gopkg.in/mgo.v2 v2.0.0-20180705113604-9856a29383ce
go: extracting github.com/prometheus/common v0.0.0-20181126121408-4724e9255275
go: extracting github.com/prometheus/procfs v0.0.0-20181204211112-1dc9a6cbc91a
go: downloading github.com/matttproud/golang_protobuf_extensions v1.0.1
go: extracting github.com/matttproud/golang_protobuf_extensions v1.0.1
go: extracting github.com/golang/protobuf v1.2.0
CGO_ENABLED=0 GO15VENDOREXPERIMENT=1 go build -ldflags '' -o bin/go-demo-6 main.go

Showing logs for build [32mbmutziu-go-demo-6-master-1[0m stage [32mfrom-build-pack[0m and container [32mstep-build-container-build[0m
[36mINFO[0m[0000] No base image, nothing to extract            
[36mINFO[0m[0000] cmd: EXPOSE                                  
[36mINFO[0m[0000] Adding exposed port: 8080/tcp                
[36mINFO[0m[0000] Using files from context: [/workspace/source/bin] 
[36mINFO[0m[0000] Skipping unpacking as no commands require it. 
[36mINFO[0m[0000] Taking snapshot of full filesystem...        
[36mINFO[0m[0000] EXPOSE 8080                                  
[36mINFO[0m[0000] cmd: EXPOSE                                  
[36mINFO[0m[0000] Adding exposed port: 8080/tcp                
[36mINFO[0m[0000] No files changed in this command, skipping snapshotting. 
[36mINFO[0m[0000] ENTRYPOINT ["/go-demo-6"]                    
[36mINFO[0m[0000] No files changed in this command, skipping snapshotting. 
[36mINFO[0m[0000] Using files from context: [/workspace/source/bin] 
[36mINFO[0m[0000] COPY ./bin/ /                                
[36mINFO[0m[0000] Taking snapshot of files...                  
2019/11/28 10:22:47 pushed blob: sha256:0e43f65196f35e77184d956feedb8807c67efc113b43a374640b1922b238c27d
2019/11/28 10:22:47 pushed blob: sha256:7ebfc6a618f78657245bff4cee97ee32eb63c96e807118937e526736e622fb22
2019/11/28 10:22:48 gcr.io/bmgcpjx/go-demo-6:2.0.54: digest: sha256:483cc25d4a533980774b5c2f20eddb4bd532241bd86f82c27220c4feeae27c77 size: 428

Showing logs for build [32mbmutziu-go-demo-6-master-1[0m stage [32mfrom-build-pack[0m and container [32mstep-build-post-build[0m
no CVE provider running in the current ** namespace so skip adding image to be analysed

Showing logs for build [32mbmutziu-go-demo-6-master-1[0m stage [32mfrom-build-pack[0m and container [32mstep-promote-changelog[0m
Converted /workspace/source/charts/go-demo-6 to an unshallow repository
Generating change log from git ref 20c04e003c3351252910876d774492582ed74731 => be11634e7c3941d3828f66bc0a28541f2791a075
WARNING: No release found for *******/go-demo-6 and tag v2.0.54 so creating a new release
Updated the release information at https://github.com/*******/go-demo-6/releases/tag/v2.0.54
generated: /workspace/source/charts/go-demo-6/templates/release.yaml
Created Release go-demo-6-2-0-54 resource in namespace **
Updating PipelineActivity *******-go-demo-6-master-1 with version 2.0.54
Updated PipelineActivities *******-go-demo-6-master-1 with release notes URL: https://github.com/*******/go-demo-6/releases/tag/v2.0.54

Showing logs for build [32mbmutziu-go-demo-6-master-1[0m stage [32mfrom-build-pack[0m and container [32mstep-promote-helm-release[0m
WARNING: No $CHART_REPOSITORY defined so using the default value of: http://jenkins-x-chartmuseum:8080
Adding missing Helm repo: storage.googleapis.com https://storage.googleapis.com/chartmuseum.jenkins-x.io
Successfully added Helm repository storage.googleapis.com.
Adding missing Helm repo: jenkins-x-chartmuseum http://jenkins-x-chartmuseum:8080
Successfully added Helm repository jenkins-x-chartmuseum.
WARNING: No $CHART_REPOSITORY defined so using the default value of: http://jenkins-x-chartmuseum:8080
WARNING: No $CHART_REPOSITORY defined so using the default value of: http://jenkins-x-chartmuseum:8080
Uploading chart file go-demo-6-2.0.54.tgz to http://jenkins-x-chartmuseum:8080/api/charts
Received 201 response: {"saved":true}

Showing logs for build [32mbmutziu-go-demo-6-master-1[0m stage [32mfrom-build-pack[0m and container [32mstep-promote-jx-promote[0m
WARNING: prow based install so skip waiting for the merge of Pull Requests to go green as currently there is an issue with gettingstatuses from the PR, see https://github.com/jenkins-x/jx/issues/2410
WARNING: No $CHART_REPOSITORY defined so using the default value of: http://jenkins-x-chartmuseum:8080
Promoting app go-demo-6 version 2.0.54 to namespace **-staging
Created Pull Request: https://github.com/*******/environment-tekton-staging/pull/1
Added label updatebot to Pull Request https://github.com/*******/environment-tekton-staging/pull/1
got git provider status pending from PR https://github.com/*******/environment-tekton-staging/pull/1
got git provider status pending from PR https://github.com/*******/environment-tekton-staging/pull/1
got git provider status pending from PR https://github.com/*******/environment-tekton-staging/pull/1
Pull Request https://github.com/*******/environment-tekton-staging/pull/1 is merged at sha 659cc4b6930d7e92e7492d1663b3402330035cc7
Pull Request merged but we are not waiting for the update pipeline to complete!
WARNING: Could not find the service URL in namespace **-staging for names go-demo-6, **-go-demo-6, **-staging-go-demo-6
