
Showing logs for build [32mbmutziu-go-demo-6-master-releas-x8smt-10[0m stage [32mfrom-build-pack[0m and container [32mstep-credential-initializer-cfrs6[0m
{"level":"warn","ts":1574461996.3953278,"logger":"fallback-logger","caller":"logging/config.go:69","msg":"Fetch GitHub commit ID from kodata failed: \"ref: refs/heads/master\" is not a valid GitHub commit ID"}
{"level":"info","ts":1574461996.3961225,"logger":"fallback-logger","caller":"creds-init/main.go:40","msg":"Credentials initialized."}

Showing logs for build [32mbmutziu-go-demo-6-master-releas-x8smt-10[0m stage [32mfrom-build-pack[0m and container [32mstep-working-dir-initializer-2q25g[0m
{"level":"warn","ts":1574461996.9585392,"logger":"fallback-logger","caller":"logging/config.go:69","msg":"Fetch GitHub commit ID from kodata failed: open /var/run/ko/HEAD: no such file or directory"}
{"level":"info","ts":1574461996.9601247,"logger":"fallback-logger","caller":"bash/main.go:65","msg":"Successfully executed command \"mkdir -p /workspace/source\""}

Showing logs for build [32mbmutziu-go-demo-6-master-releas-x8smt-10[0m stage [32mfrom-build-pack[0m and container [32mstep-place-tools[0m

Showing logs for build [32mbmutziu-go-demo-6-master-releas-x8smt-10[0m stage [32mfrom-build-pack[0m and container [32mstep-git-source-bmutziu-go-demo-6-master-releas-dhhz9[0m
{"level":"warn","ts":1574462004.0000691,"logger":"fallback-logger","caller":"logging/config.go:69","msg":"Fetch GitHub commit ID from kodata failed: \"ref: refs/heads/master\" is not a valid GitHub commit ID"}
{"level":"info","ts":1574462004.367306,"logger":"fallback-logger","caller":"git/git.go:102","msg":"Successfully cloned https://github.com/*******/go-demo-6.git @ v2.0.35 in path /workspace/source"}

Showing logs for build [32mbmutziu-go-demo-6-master-releas-x8smt-10[0m stage [32mfrom-build-pack[0m and container [32mstep-git-merge[0m
Using SHAs from PULL_REFS=master:d30205e766eff7c3722dac5b7c6874769ac4af8d
WARNING: no SHAs to merge, falling back to initial cloned commit

Showing logs for build [32mbmutziu-go-demo-6-master-releas-x8smt-10[0m stage [32mfrom-build-pack[0m and container [32mstep-setup-jx-git-credentials[0m
Generated Git credentials file /workspace/xdg_config/git/credentials

Showing logs for build [32mbmutziu-go-demo-6-master-releas-x8smt-10[0m stage [32mfrom-build-pack[0m and container [32mstep-build-make-build[0m
go: finding github.com/pmezard/go-difflib v1.0.0
go: finding github.com/golang/protobuf v1.2.0
go: finding github.com/prometheus/common v0.0.0-20181126121408-4724e9255275
go: finding github.com/stretchr/testify v1.2.2
go: finding github.com/davecgh/go-spew v1.1.1
go: finding github.com/prometheus/client_model v0.0.0-20180712105110-5c3871d89910
go: finding github.com/beorn7/perks v0.0.0-20180321164747-3a771d992973
go: finding github.com/stretchr/objx v0.1.1
go: finding github.com/matttproud/golang_protobuf_extensions v1.0.1
go: finding gopkg.in/mgo.v2 v2.0.0-20180705113604-9856a29383ce
go: finding github.com/prometheus/client_golang v0.9.2
go: finding github.com/prometheus/procfs v0.0.0-20181204211112-1dc9a6cbc91a
go: finding golang.org/x/sync v0.0.0-20181108010431-42b317875d0f
go: finding golang.org/x/net v0.0.0-20181201002055-351d144fa1fc
go: downloading github.com/prometheus/client_golang v0.9.2
go: downloading gopkg.in/mgo.v2 v2.0.0-20180705113604-9856a29383ce
go: extracting github.com/prometheus/client_golang v0.9.2
go: downloading github.com/beorn7/perks v0.0.0-20180321164747-3a771d992973
go: downloading github.com/golang/protobuf v1.2.0
go: downloading github.com/prometheus/client_model v0.0.0-20180712105110-5c3871d89910
go: downloading github.com/prometheus/common v0.0.0-20181126121408-4724e9255275
go: downloading github.com/prometheus/procfs v0.0.0-20181204211112-1dc9a6cbc91a
go: extracting github.com/beorn7/perks v0.0.0-20180321164747-3a771d992973
go: extracting github.com/prometheus/client_model v0.0.0-20180712105110-5c3871d89910
go: extracting github.com/prometheus/common v0.0.0-20181126121408-4724e9255275
go: extracting gopkg.in/mgo.v2 v2.0.0-20180705113604-9856a29383ce
go: extracting github.com/prometheus/procfs v0.0.0-20181204211112-1dc9a6cbc91a
go: downloading github.com/matttproud/golang_protobuf_extensions v1.0.1
go: extracting github.com/matttproud/golang_protobuf_extensions v1.0.1
go: extracting github.com/golang/protobuf v1.2.0
CGO_ENABLED=0 GO15VENDOREXPERIMENT=1 go build -ldflags '' -o bin/go-demo-6 main.go

Showing logs for build [32mbmutziu-go-demo-6-master-releas-x8smt-10[0m stage [32mfrom-build-pack[0m and container [32mstep-build-container-build[0m
[36mINFO[0m[0000] No base image, nothing to extract            
[36mINFO[0m[0000] cmd: EXPOSE                                  
[36mINFO[0m[0000] Adding exposed port: 8080/tcp                
[36mINFO[0m[0000] Using files from context: [/workspace/source/bin] 
[36mINFO[0m[0000] Skipping unpacking as no commands require it. 
[36mINFO[0m[0000] Taking snapshot of full filesystem...        
[36mINFO[0m[0000] EXPOSE 8080                                  
[36mINFO[0m[0000] cmd: EXPOSE                                  
[36mINFO[0m[0000] Adding exposed port: 8080/tcp                
[36mINFO[0m[0000] No files changed in this command, skipping snapshotting. 
[36mINFO[0m[0000] ENTRYPOINT ["/go-demo-6"]                    
[36mINFO[0m[0000] No files changed in this command, skipping snapshotting. 
[36mINFO[0m[0000] Using files from context: [/workspace/source/bin] 
[36mINFO[0m[0000] COPY ./bin/ /                                
[36mINFO[0m[0000] Taking snapshot of files...                  
2019/11/22 22:33:57 pushed blob: sha256:9e04238d38dd269ed5ac14326038ee491e5ae3403e90bbf559e10278b5ee8ebf
2019/11/22 22:33:58 pushed blob: sha256:**c8aef2ab081b1f157d3f44c56dd21ba3384b2c29b0d335a936185ef2dd627c
2019/11/22 22:33:58 gcr.io/bmgcpjx/go-demo-6:2.0.35: digest: sha256:9b4228060f6e2b714a2a025502c620a73aa68c86c18ccbd2f9db609b26b5fc9e size: 428

Showing logs for build [32mbmutziu-go-demo-6-master-releas-x8smt-10[0m stage [32mfrom-build-pack[0m and container [32mstep-build-post-build[0m
no CVE provider running in the current ** namespace so skip adding image to be analysed

Showing logs for build [32mbmutziu-go-demo-6-master-releas-x8smt-10[0m stage [32mfrom-build-pack[0m and container [32mstep-promote-changelog[0m
Converted /workspace/source/charts/go-demo-6 to an unshallow repository
Generating change log from git ref 0233c8e55519bb9b11676c97f85f75229009616b => 60282431adbe24449382907e3596c6c36d0c6834
Associating user ******* in users.jenkins.io with email *******@gmail.com to git GitProvider user with login -0 as emails match
Adding label jenkins.io/git-github-userid=-0 to user ******* in users.jenkins.io
WARNING: Failed to enrich commit d30205e766eff7c3722dac5b7c6874769ac4af8d with issues: User.jenkins.io "*******" is invalid: metadata.labels: Invalid value: "-0": a valid label must be an empty string or consist of alphanumeric characters, '-', '_' or '.', and must start and end with an alphanumeric character (e.g. 'MyValue',  or 'my_value',  or '12345', regex used for validation is '(([A-Za-z0-9][-A-Za-z0-9_.]*)?[A-Za-z0-9])?')
Associating user ******* in users.jenkins.io with email *******@gmail.com to git GitProvider user with login -0 as emails match
Adding label jenkins.io/git-github-userid=-0 to user ******* in users.jenkins.io
WARNING: Failed to enrich commit d30205e766eff7c3722dac5b7c6874769ac4af8d with issues: User.jenkins.io "*******" is invalid: metadata.labels: Invalid value: "-0": a valid label must be an empty string or consist of alphanumeric characters, '-', '_' or '.', and must start and end with an alphanumeric character (e.g. 'MyValue',  or 'my_value',  or '12345', regex used for validation is '(([A-Za-z0-9][-A-Za-z0-9_.]*)?[A-Za-z0-9])?')
Finding issues in commit messages using git format
Associating user ******* in users.jenkins.io with email *******@gmail.com to git GitProvider user with login -0 as emails match
Adding label jenkins.io/git-github-userid=-0 to user ******* in users.jenkins.io
WARNING: Failed to enrich commit 7c9831b927fe1051f40320bd16899d7fb5c8c0bf with issues: User.jenkins.io "*******" is invalid: metadata.labels: Invalid value: "-0": a valid label must be an empty string or consist of alphanumeric characters, '-', '_' or '.', and must start and end with an alphanumeric character (e.g. 'MyValue',  or 'my_value',  or '12345', regex used for validation is '(([A-Za-z0-9][-A-Za-z0-9_.]*)?[A-Za-z0-9])?')
Associating user ******* in users.jenkins.io with email *******@gmail.com to git GitProvider user with login -0 as emails match
Adding label jenkins.io/git-github-userid=-0 to user ******* in users.jenkins.io
WARNING: Failed to enrich commit 7c9831b927fe1051f40320bd16899d7fb5c8c0bf with issues: User.jenkins.io "*******" is invalid: metadata.labels: Invalid value: "-0": a valid label must be an empty string or consist of alphanumeric characters, '-', '_' or '.', and must start and end with an alphanumeric character (e.g. 'MyValue',  or 'my_value',  or '12345', regex used for validation is '(([A-Za-z0-9][-A-Za-z0-9_.]*)?[A-Za-z0-9])?')
WARNING: No release found for *******/go-demo-6 and tag v2.0.35 so creating a new release
Updated the release information at https://github.com/*******/go-demo-6/releases/tag/v2.0.35
generated: /workspace/source/charts/go-demo-6/templates/release.yaml
Created Release go-demo-6-2-0-35 resource in namespace **
Updating PipelineActivity *******-go-demo-6-master-10 with version 2.0.35
Updated PipelineActivities *******-go-demo-6-master-10 with release notes URL: https://github.com/*******/go-demo-6/releases/tag/v2.0.35

Showing logs for build [32mbmutziu-go-demo-6-master-releas-x8smt-10[0m stage [32mfrom-build-pack[0m and container [32mstep-promote-helm-release[0m
WARNING: No $CHART_REPOSITORY defined so using the default value of: http://jenkins-x-chartmuseum:8080
Adding missing Helm repo: storage.googleapis.com https://storage.googleapis.com/chartmuseum.jenkins-x.io
Successfully added Helm repository storage.googleapis.com.
Adding missing Helm repo: jenkins-x-chartmuseum http://jenkins-x-chartmuseum:8080
Successfully added Helm repository jenkins-x-chartmuseum.
WARNING: No $CHART_REPOSITORY defined so using the default value of: http://jenkins-x-chartmuseum:8080
WARNING: No $CHART_REPOSITORY defined so using the default value of: http://jenkins-x-chartmuseum:8080
Uploading chart file go-demo-6-2.0.35.tgz to http://jenkins-x-chartmuseum:8080/api/charts
Received 201 response: {"saved":true}

Showing logs for build [32mbmutziu-go-demo-6-master-releas-x8smt-10[0m stage [32mfrom-build-pack[0m and container [32mstep-promote-jx-promote[0m
WARNING: prow based install so skip waiting for the merge of Pull Requests to go green as currently there is an issue with gettingstatuses from the PR, see https://github.com/jenkins-x/jx/issues/2410
WARNING: No $CHART_REPOSITORY defined so using the default value of: http://jenkins-x-chartmuseum:8080
Promoting app go-demo-6 version 2.0.35 to namespace **-staging
Created Pull Request: https://github.com/*******/environment-tekton-staging/pull/6
Added label updatebot to Pull Request https://github.com/*******/environment-tekton-staging/pull/6
WARNING: Failed to query the Pull Request last commit status for https://github.com/*******/environment-tekton-staging/pull/6 ref 50110d658a83b713023a6c3d2ebea695b3da0b91 Could not find a status for repository *******/environment-tekton-staging with ref 50110d658a83b713023a6c3d2ebea695b3da0b91
WARNING: Failed to query the Pull Request last commit status for https://github.com/*******/environment-tekton-staging/pull/6 ref 50110d658a83b713023a6c3d2ebea695b3da0b91 Could not find a status for repository *******/environment-tekton-staging with ref 50110d658a83b713023a6c3d2ebea695b3da0b91
WARNING: Failed to query the Pull Request last commit status for https://github.com/*******/environment-tekton-staging/pull/6 ref 50110d658a83b713023a6c3d2ebea695b3da0b91 Could not find a status for repository *******/environment-tekton-staging with ref 50110d658a83b713023a6c3d2ebea695b3da0b91
WARNING: Failed to query the Pull Request last commit status for https://github.com/*******/environment-tekton-staging/pull/6 ref 50110d658a83b713023a6c3d2ebea695b3da0b91 Could not find a status for repository *******/environment-tekton-staging with ref 50110d658a83b713023a6c3d2ebea695b3da0b91
WARNING: Failed to query the Pull Request last commit status for https://github.com/*******/environment-tekton-staging/pull/6 ref 50110d658a83b713023a6c3d2ebea695b3da0b91 Could not find a status for repository *******/environment-tekton-staging with ref 50110d658a83b713023a6c3d2ebea695b3da0b91
WARNING: Failed to query the Pull Request last commit status for https://github.com/*******/environment-tekton-staging/pull/6 ref 50110d658a83b713023a6c3d2ebea695b3da0b91 Could not find a status for repository *******/environment-tekton-staging with ref 50110d658a83b713023a6c3d2ebea695b3da0b91
WARNING: Failed to query the Pull Request last commit status for https://github.com/*******/environment-tekton-staging/pull/6 ref 50110d658a83b713023a6c3d2ebea695b3da0b91 Could not find a status for repository *******/environment-tekton-staging with ref 50110d658a83b713023a6c3d2ebea695b3da0b91
WARNING: Failed to query the Pull Request last commit status for https://github.com/*******/environment-tekton-staging/pull/6 ref 50110d658a83b713023a6c3d2ebea695b3da0b91 Could not find a status for repository *******/environment-tekton-staging with ref 50110d658a83b713023a6c3d2ebea695b3da0b91
WARNING: Failed to query the Pull Request last commit status for https://github.com/*******/environment-tekton-staging/pull/6 ref 50110d658a83b713023a6c3d2ebea695b3da0b91 Could not find a status for repository *******/environment-tekton-staging with ref 50110d658a83b713023a6c3d2ebea695b3da0b91
WARNING: Failed to query the Pull Request last commit status for https://github.com/*******/environment-tekton-staging/pull/6 ref 50110d658a83b713023a6c3d2ebea695b3da0b91 Could not find a status for repository *******/environment-tekton-staging with ref 50110d658a83b713023a6c3d2ebea695b3da0b91
WARNING: Failed to query the Pull Request last commit status for https://github.com/*******/environment-tekton-staging/pull/6 ref 50110d658a83b713023a6c3d2ebea695b3da0b91 Could not find a status for repository *******/environment-tekton-staging with ref 50110d658a83b713023a6c3d2ebea695b3da0b91
WARNING: Failed to query the Pull Request last commit status for https://github.com/*******/environment-tekton-staging/pull/6 ref 50110d658a83b713023a6c3d2ebea695b3da0b91 Could not find a status for repository *******/environment-tekton-staging with ref 50110d658a83b713023a6c3d2ebea695b3da0b91
Pull Request https://github.com/*******/environment-tekton-staging/pull/6 is merged at sha 08aa38b1a9e0f4a580d6d5fe4256fc64b898b3b2
Pull Request merged but we are not waiting for the update pipeline to complete!
