
Showing logs for build [32mbmutziu-go-demo-6-master-releas-7xqgn-4[0m stage [32mfrom-build-pack[0m and container [32mstep-credential-initializer-zkkl4[0m
{"level":"warn","ts":1574534601.162496,"logger":"fallback-logger","caller":"logging/config.go:69","msg":"Fetch GitHub commit ID from kodata failed: \"ref: refs/heads/master\" is not a valid GitHub commit ID"}
{"level":"info","ts":1574534601.1632614,"logger":"fallback-logger","caller":"creds-init/main.go:40","msg":"Credentials initialized."}

Showing logs for build [32mbmutziu-go-demo-6-master-releas-7xqgn-4[0m stage [32mfrom-build-pack[0m and container [32mstep-working-dir-initializer-4nkqs[0m
{"level":"warn","ts":1574534603.1712453,"logger":"fallback-logger","caller":"logging/config.go:69","msg":"Fetch GitHub commit ID from kodata failed: open /var/run/ko/HEAD: no such file or directory"}
{"level":"info","ts":1574534603.1728702,"logger":"fallback-logger","caller":"bash/main.go:65","msg":"Successfully executed command \"mkdir -p /workspace/source\""}

Showing logs for build [32mbmutziu-go-demo-6-master-releas-7xqgn-4[0m stage [32mfrom-build-pack[0m and container [32mstep-place-tools[0m

Showing logs for build [32mbmutziu-go-demo-6-master-releas-7xqgn-4[0m stage [32mfrom-build-pack[0m and container [32mstep-git-source-bmutziu-go-demo-6-master-releas-bt7k5[0m
{"level":"warn","ts":1574534612.089739,"logger":"fallback-logger","caller":"logging/config.go:69","msg":"Fetch GitHub commit ID from kodata failed: \"ref: refs/heads/master\" is not a valid GitHub commit ID"}
{"level":"info","ts":1574534612.5054343,"logger":"fallback-logger","caller":"git/git.go:102","msg":"Successfully cloned https://github.com/*******/go-demo-6.git @ v2.0.39 in path /workspace/source"}

Showing logs for build [32mbmutziu-go-demo-6-master-releas-7xqgn-4[0m stage [32mfrom-build-pack[0m and container [32mstep-git-merge[0m
Using SHAs from PULL_REFS=master:0345ebf2e5fac046d917e716b879bc11fa800a06
WARNING: no SHAs to merge, falling back to initial cloned commit

Showing logs for build [32mbmutziu-go-demo-6-master-releas-7xqgn-4[0m stage [32mfrom-build-pack[0m and container [32mstep-setup-jx-git-credentials[0m
Generated Git credentials file /workspace/xdg_config/git/credentials

Showing logs for build [32mbmutziu-go-demo-6-master-releas-7xqgn-4[0m stage [32mfrom-build-pack[0m and container [32mstep-build-make-build[0m
go: finding github.com/stretchr/objx v0.1.1
go: finding github.com/stretchr/testify v1.2.2
go: finding github.com/prometheus/procfs v0.0.0-20181204211112-1dc9a6cbc91a
go: finding github.com/beorn7/perks v0.0.0-20180321164747-3a771d992973
go: finding github.com/golang/protobuf v1.2.0
go: finding github.com/davecgh/go-spew v1.1.1
go: finding github.com/pmezard/go-difflib v1.0.0
go: finding github.com/prometheus/client_model v0.0.0-20180712105110-5c3871d89910
go: finding github.com/matttproud/golang_protobuf_extensions v1.0.1
go: finding gopkg.in/mgo.v2 v2.0.0-20180705113604-9856a29383ce
go: finding github.com/prometheus/common v0.0.0-20181126121408-4724e9255275
go: finding github.com/prometheus/client_golang v0.9.2
go: finding golang.org/x/sync v0.0.0-20181108010431-42b317875d0f
go: finding golang.org/x/net v0.0.0-20181201002055-351d144fa1fc
go: downloading gopkg.in/mgo.v2 v2.0.0-20180705113604-9856a29383ce
go: downloading github.com/prometheus/client_golang v0.9.2
go: extracting github.com/prometheus/client_golang v0.9.2
go: downloading github.com/beorn7/perks v0.0.0-20180321164747-3a771d992973
go: downloading github.com/prometheus/common v0.0.0-20181126121408-4724e9255275
go: downloading github.com/prometheus/client_model v0.0.0-20180712105110-5c3871d89910
go: extracting gopkg.in/mgo.v2 v2.0.0-20180705113604-9856a29383ce
go: downloading github.com/prometheus/procfs v0.0.0-20181204211112-1dc9a6cbc91a
go: downloading github.com/golang/protobuf v1.2.0
go: extracting github.com/beorn7/perks v0.0.0-20180321164747-3a771d992973
go: extracting github.com/prometheus/procfs v0.0.0-20181204211112-1dc9a6cbc91a
go: extracting github.com/prometheus/client_model v0.0.0-20180712105110-5c3871d89910
go: extracting github.com/prometheus/common v0.0.0-20181126121408-4724e9255275
go: downloading github.com/matttproud/golang_protobuf_extensions v1.0.1
go: extracting github.com/matttproud/golang_protobuf_extensions v1.0.1
go: extracting github.com/golang/protobuf v1.2.0
CGO_ENABLED=0 GO15VENDOREXPERIMENT=1 go build -ldflags '' -o bin/go-demo-6 main.go

Showing logs for build [32mbmutziu-go-demo-6-master-releas-7xqgn-4[0m stage [32mfrom-build-pack[0m and container [32mstep-build-container-build[0m
[36mINFO[0m[0000] No base image, nothing to extract            
[36mINFO[0m[0000] cmd: EXPOSE                                  
[36mINFO[0m[0000] Adding exposed port: 8080/tcp                
[36mINFO[0m[0000] Using files from context: [/workspace/source/bin] 
[36mINFO[0m[0000] Skipping unpacking as no commands require it. 
[36mINFO[0m[0000] Taking snapshot of full filesystem...        
[36mINFO[0m[0000] EXPOSE 8080                                  
[36mINFO[0m[0000] cmd: EXPOSE                                  
[36mINFO[0m[0000] Adding exposed port: 8080/tcp                
[36mINFO[0m[0000] No files changed in this command, skipping snapshotting. 
[36mINFO[0m[0000] ENTRYPOINT ["/go-demo-6"]                    
[36mINFO[0m[0000] No files changed in this command, skipping snapshotting. 
[36mINFO[0m[0000] Using files from context: [/workspace/source/bin] 
[36mINFO[0m[0000] COPY ./bin/ /                                
[36mINFO[0m[0000] Taking snapshot of files...                  
2019/11/23 18:44:06 pushed blob: sha256:4264fe710b3f40f6b4fe**5c80e4754c322bb91289c95c7cc897fc9bf8fd7037
2019/11/23 18:44:07 pushed blob: sha256:a35046b20702458928e486269b24e7529a40dc54ed98dfda6bf50018d10c2880
2019/11/23 18:44:08 gcr.io/bmgcpjx/go-demo-6:2.0.39: digest: sha256:60f3c599a065c549e0541f58c9fbf312bac13d0613c27573409a71b88ac1da25 size: 428

Showing logs for build [32mbmutziu-go-demo-6-master-releas-7xqgn-4[0m stage [32mfrom-build-pack[0m and container [32mstep-build-post-build[0m
no CVE provider running in the current ** namespace so skip adding image to be analysed

Showing logs for build [32mbmutziu-go-demo-6-master-releas-7xqgn-4[0m stage [32mfrom-build-pack[0m and container [32mstep-promote-changelog[0m
Converted /workspace/source/charts/go-demo-6 to an unshallow repository
Generating change log from git ref 00e3f84f4b7293e6bbf4ef3c4618002b6017bd73 => 2397edfddb635b6b902cb4c0c2ac0a8a835e70f5
WARNING: Failed to enrich commit 0345ebf2e5fac046d917e716b879bc11fa800a06 with issues: selected more than one user from users.jenkins.io: [******* x-0]
WARNING: Failed to enrich commit 0345ebf2e5fac046d917e716b879bc11fa800a06 with issues: selected more than one user from users.jenkins.io: [******* x-0]
Finding issues in commit messages using git format
WARNING: No release found for *******/go-demo-6 and tag v2.0.39 so creating a new release
Updated the release information at https://github.com/*******/go-demo-6/releases/tag/v2.0.39
generated: /workspace/source/charts/go-demo-6/templates/release.yaml
Created Release go-demo-6-2-0-39 resource in namespace **
Updating PipelineActivity *******-go-demo-6-master-4 with version 2.0.39
Updated PipelineActivities *******-go-demo-6-master-4 with release notes URL: https://github.com/*******/go-demo-6/releases/tag/v2.0.39

Showing logs for build [32mbmutziu-go-demo-6-master-releas-7xqgn-4[0m stage [32mfrom-build-pack[0m and container [32mstep-promote-helm-release[0m
WARNING: No $CHART_REPOSITORY defined so using the default value of: http://jenkins-x-chartmuseum:8080
Adding missing Helm repo: storage.googleapis.com https://storage.googleapis.com/chartmuseum.jenkins-x.io
Successfully added Helm repository storage.googleapis.com.
Adding missing Helm repo: jenkins-x-chartmuseum http://jenkins-x-chartmuseum:8080
Successfully added Helm repository jenkins-x-chartmuseum.
WARNING: No $CHART_REPOSITORY defined so using the default value of: http://jenkins-x-chartmuseum:8080
WARNING: No $CHART_REPOSITORY defined so using the default value of: http://jenkins-x-chartmuseum:8080
Uploading chart file go-demo-6-2.0.39.tgz to http://jenkins-x-chartmuseum:8080/api/charts
Received 201 response: {"saved":true}

Showing logs for build [32mbmutziu-go-demo-6-master-releas-7xqgn-4[0m stage [32mfrom-build-pack[0m and container [32mstep-promote-jx-promote[0m
WARNING: prow based install so skip waiting for the merge of Pull Requests to go green as currently there is an issue with gettingstatuses from the PR, see https://github.com/jenkins-x/jx/issues/2410
WARNING: No $CHART_REPOSITORY defined so using the default value of: http://jenkins-x-chartmuseum:8080
Promoting app go-demo-6 version 2.0.39 to namespace **-staging
Created Pull Request: https://github.com/*******/environment-tekton-staging/pull/8
Added label updatebot to Pull Request https://github.com/*******/environment-tekton-staging/pull/8
got git provider status pending from PR https://github.com/*******/environment-tekton-staging/pull/8
got git provider status pending from PR https://github.com/*******/environment-tekton-staging/pull/8
got git provider status pending from PR https://github.com/*******/environment-tekton-staging/pull/8
got git provider status pending from PR https://github.com/*******/environment-tekton-staging/pull/8
Pull Request https://github.com/*******/environment-tekton-staging/pull/8 is merged at sha 938ff4eaeb35a3110a8db86e7695ed1367a1ceba
Pull Request merged but we are not waiting for the update pipeline to complete!
WARNING: Could not find the service URL in namespace **-staging for names go-demo-6, **-go-demo-6, **-staging-go-demo-6
