
Showing logs for build [32mbmutziu-go-demo-6-master-releas-hcjmf-5[0m stage [32mfrom-build-pack[0m and container [32mstep-credential-initializer-rwxpn[0m
{"level":"warn","ts":1574457128.253887,"logger":"fallback-logger","caller":"logging/config.go:69","msg":"Fetch GitHub commit ID from kodata failed: \"ref: refs/heads/master\" is not a valid GitHub commit ID"}
{"level":"info","ts":1574457128.2553024,"logger":"fallback-logger","caller":"creds-init/main.go:40","msg":"Credentials initialized."}

Showing logs for build [32mbmutziu-go-demo-6-master-releas-hcjmf-5[0m stage [32mfrom-build-pack[0m and container [32mstep-working-dir-initializer-vmqjv[0m
{"level":"warn","ts":1574457129.2636702,"logger":"fallback-logger","caller":"logging/config.go:69","msg":"Fetch GitHub commit ID from kodata failed: open /var/run/ko/HEAD: no such file or directory"}
{"level":"info","ts":1574457129.2661078,"logger":"fallback-logger","caller":"bash/main.go:65","msg":"Successfully executed command \"mkdir -p /workspace/source\""}

Showing logs for build [32mbmutziu-go-demo-6-master-releas-hcjmf-5[0m stage [32mfrom-build-pack[0m and container [32mstep-place-tools[0m

Showing logs for build [32mbmutziu-go-demo-6-master-releas-hcjmf-5[0m stage [32mfrom-build-pack[0m and container [32mstep-git-source-bmutziu-go-demo-6-master-releas-4jwgf[0m
{"level":"warn","ts":1574457136.2112217,"logger":"fallback-logger","caller":"logging/config.go:69","msg":"Fetch GitHub commit ID from kodata failed: \"ref: refs/heads/master\" is not a valid GitHub commit ID"}
{"level":"info","ts":1574457136.5911412,"logger":"fallback-logger","caller":"git/git.go:102","msg":"Successfully cloned https://github.com/*******/go-demo-6.git @ v2.0.30 in path /workspace/source"}

Showing logs for build [32mbmutziu-go-demo-6-master-releas-hcjmf-5[0m stage [32mfrom-build-pack[0m and container [32mstep-git-merge[0m
Using SHAs from PULL_REFS=master:25a5e2fb2c608d6b92f87cf82f39824472ac169b
WARNING: no SHAs to merge, falling back to initial cloned commit

Showing logs for build [32mbmutziu-go-demo-6-master-releas-hcjmf-5[0m stage [32mfrom-build-pack[0m and container [32mstep-setup-jx-git-credentials[0m
Generated Git credentials file /workspace/xdg_config/git/credentials

Showing logs for build [32mbmutziu-go-demo-6-master-releas-hcjmf-5[0m stage [32mfrom-build-pack[0m and container [32mstep-promote-changelog[0m
Converted /workspace/source/charts/go-demo-6 to an unshallow repository
Generating change log from git ref 2d66dfc43a5f504cebf93d347c67babae4d5c01d => 93904467c26a8c4cbe3de75a75a4652a49165af0
Associating user ******* in users.jenkins.io with email *******@gmail.com to git GitProvider user with login -0 as emails match
Adding label jenkins.io/git-github-userid=-0 to user ******* in users.jenkins.io
WARNING: Failed to enrich commit 25a5e2fb2c608d6b92f87cf82f39824472ac169b with issues: User.jenkins.io "*******" is invalid: metadata.labels: Invalid value: "-0": a valid label must be an empty string or consist of alphanumeric characters, '-', '_' or '.', and must start and end with an alphanumeric character (e.g. 'MyValue',  or 'my_value',  or '12345', regex used for validation is '(([A-Za-z0-9][-A-Za-z0-9_.]*)?[A-Za-z0-9])?')
Associating user ******* in users.jenkins.io with email *******@gmail.com to git GitProvider user with login -0 as emails match
Adding label jenkins.io/git-github-userid=-0 to user ******* in users.jenkins.io
WARNING: Failed to enrich commit 25a5e2fb2c608d6b92f87cf82f39824472ac169b with issues: User.jenkins.io "*******" is invalid: metadata.labels: Invalid value: "-0": a valid label must be an empty string or consist of alphanumeric characters, '-', '_' or '.', and must start and end with an alphanumeric character (e.g. 'MyValue',  or 'my_value',  or '12345', regex used for validation is '(([A-Za-z0-9][-A-Za-z0-9_.]*)?[A-Za-z0-9])?')
Finding issues in commit messages using git format
WARNING: No release found for *******/go-demo-6 and tag v2.0.30 so creating a new release
Updated the release information at https://github.com/*******/go-demo-6/releases/tag/v2.0.30
generated: /workspace/source/charts/go-demo-6/templates/release.yaml
Created Release go-demo-6-2-0-30 resource in namespace **
Updating PipelineActivity *******-go-demo-6-master-5 with version 2.0.30
Updated PipelineActivities *******-go-demo-6-master-5 with release notes URL: https://github.com/*******/go-demo-6/releases/tag/v2.0.30

Showing logs for build [32mbmutziu-go-demo-6-master-releas-hcjmf-5[0m stage [32mfrom-build-pack[0m and container [32mstep-promote-helm-release[0m
WARNING: No $CHART_REPOSITORY defined so using the default value of: http://jenkins-x-chartmuseum:8080
Adding missing Helm repo: storage.googleapis.com https://storage.googleapis.com/chartmuseum.jenkins-x.io
Successfully added Helm repository storage.googleapis.com.
Adding missing Helm repo: jenkins-x-chartmuseum http://jenkins-x-chartmuseum:8080
Successfully added Helm repository jenkins-x-chartmuseum.
WARNING: No $CHART_REPOSITORY defined so using the default value of: http://jenkins-x-chartmuseum:8080
WARNING: No $CHART_REPOSITORY defined so using the default value of: http://jenkins-x-chartmuseum:8080
Uploading chart file go-demo-6-2.0.30.tgz to http://jenkins-x-chartmuseum:8080/api/charts
Received 201 response: {"saved":true}

Showing logs for build [32mbmutziu-go-demo-6-master-releas-hcjmf-5[0m stage [32mfrom-build-pack[0m and container [32mstep-promote-jx-promote[0m
WARNING: prow based install so skip waiting for the merge of Pull Requests to go green as currently there is an issue with gettingstatuses from the PR, see https://github.com/jenkins-x/jx/issues/2410
WARNING: No $CHART_REPOSITORY defined so using the default value of: http://jenkins-x-chartmuseum:8080
Promoting app go-demo-6 version 2.0.30 to namespace **-staging
Created Pull Request: https://github.com/*******/environment-tekton-staging/pull/3
Added label updatebot to Pull Request https://github.com/*******/environment-tekton-staging/pull/3
got git provider status pending from PR https://github.com/*******/environment-tekton-staging/pull/3
got git provider status pending from PR https://github.com/*******/environment-tekton-staging/pull/3
got git provider status pending from PR https://github.com/*******/environment-tekton-staging/pull/3
got git provider status pending from PR https://github.com/*******/environment-tekton-staging/pull/3
Pull Request https://github.com/*******/environment-tekton-staging/pull/3 is merged at sha 487**07e60322baf4f2a4621f25108dbcb171a64
Pull Request merged but we are not waiting for the update pipeline to complete!

Showing logs for build [32mbmutziu-go-demo-6-master-releas-hcjmf-5[0m stage [32mfrom-build-pack[0m and container [32mstep-promote-rollout[0m
deployment "jx-go-demo-6" successfully rolled out
