
Showing logs for build [32mbmutziu-go-demo-6-master-releas-vj9w4-9[0m stage [32mfrom-build-pack[0m and container [32mstep-credential-initializer-jbgpg[0m
{"level":"warn","ts":1574459198.349878,"logger":"fallback-logger","caller":"logging/config.go:69","msg":"Fetch GitHub commit ID from kodata failed: \"ref: refs/heads/master\" is not a valid GitHub commit ID"}
{"level":"info","ts":1574459198.3504865,"logger":"fallback-logger","caller":"creds-init/main.go:40","msg":"Credentials initialized."}

Showing logs for build [32mbmutziu-go-demo-6-master-releas-vj9w4-9[0m stage [32mfrom-build-pack[0m and container [32mstep-working-dir-initializer-zl7sf[0m
{"level":"warn","ts":1574459199.3172202,"logger":"fallback-logger","caller":"logging/config.go:69","msg":"Fetch GitHub commit ID from kodata failed: open /var/run/ko/HEAD: no such file or directory"}
{"level":"info","ts":1574459199.3187945,"logger":"fallback-logger","caller":"bash/main.go:65","msg":"Successfully executed command \"mkdir -p /workspace/source\""}

Showing logs for build [32mbmutziu-go-demo-6-master-releas-vj9w4-9[0m stage [32mfrom-build-pack[0m and container [32mstep-place-tools[0m

Showing logs for build [32mbmutziu-go-demo-6-master-releas-vj9w4-9[0m stage [32mfrom-build-pack[0m and container [32mstep-git-source-bmutziu-go-demo-6-master-releas-97qxn[0m
{"level":"warn","ts":1574459206.553444,"logger":"fallback-logger","caller":"logging/config.go:69","msg":"Fetch GitHub commit ID from kodata failed: \"ref: refs/heads/master\" is not a valid GitHub commit ID"}
{"level":"info","ts":1574459206.9970012,"logger":"fallback-logger","caller":"git/git.go:102","msg":"Successfully cloned https://github.com/*******/go-demo-6.git @ v2.0.34 in path /workspace/source"}

Showing logs for build [32mbmutziu-go-demo-6-master-releas-vj9w4-9[0m stage [32mfrom-build-pack[0m and container [32mstep-git-merge[0m
Using SHAs from PULL_REFS=master:151e68e18dc2002bdd12b5ddf678e63420babb50
WARNING: no SHAs to merge, falling back to initial cloned commit

Showing logs for build [32mbmutziu-go-demo-6-master-releas-vj9w4-9[0m stage [32mfrom-build-pack[0m and container [32mstep-setup-jx-git-credentials[0m
Generated Git credentials file /workspace/xdg_config/git/credentials

Showing logs for build [32mbmutziu-go-demo-6-master-releas-vj9w4-9[0m stage [32mfrom-build-pack[0m and container [32mstep-build-make-build[0m
go: finding github.com/matttproud/golang_protobuf_extensions v1.0.1
go: finding github.com/stretchr/objx v0.1.1
go: finding github.com/stretchr/testify v1.2.2
go: finding github.com/prometheus/procfs v0.0.0-20181204211112-1dc9a6cbc91a
go: finding github.com/prometheus/client_model v0.0.0-20180712105110-5c3871d89910
go: finding github.com/beorn7/perks v0.0.0-20180321164747-3a771d992973
go: finding github.com/pmezard/go-difflib v1.0.0
go: finding github.com/golang/protobuf v1.2.0
go: finding github.com/davecgh/go-spew v1.1.1
go: finding gopkg.in/mgo.v2 v2.0.0-20180705113604-9856a29383ce
go: finding github.com/prometheus/common v0.0.0-20181126121408-4724e9255275
go: finding github.com/prometheus/client_golang v0.9.2
go: finding golang.org/x/net v0.0.0-20181201002055-351d144fa1fc
go: finding golang.org/x/sync v0.0.0-20181108010431-42b317875d0f
go: downloading gopkg.in/mgo.v2 v2.0.0-20180705113604-9856a29383ce
go: downloading github.com/prometheus/client_golang v0.9.2
go: extracting github.com/prometheus/client_golang v0.9.2
go: downloading github.com/beorn7/perks v0.0.0-20180321164747-3a771d992973
go: downloading github.com/prometheus/common v0.0.0-20181126121408-4724e9255275
go: downloading github.com/prometheus/client_model v0.0.0-20180712105110-5c3871d89910
go: downloading github.com/prometheus/procfs v0.0.0-20181204211112-1dc9a6cbc91a
go: downloading github.com/golang/protobuf v1.2.0
go: extracting github.com/beorn7/perks v0.0.0-20180321164747-3a771d992973
go: extracting gopkg.in/mgo.v2 v2.0.0-20180705113604-9856a29383ce
go: extracting github.com/prometheus/client_model v0.0.0-20180712105110-5c3871d89910
go: extracting github.com/prometheus/procfs v0.0.0-20181204211112-1dc9a6cbc91a
go: extracting github.com/prometheus/common v0.0.0-20181126121408-4724e9255275
go: downloading github.com/matttproud/golang_protobuf_extensions v1.0.1
go: extracting github.com/matttproud/golang_protobuf_extensions v1.0.1
go: extracting github.com/golang/protobuf v1.2.0
CGO_ENABLED=0 GO15VENDOREXPERIMENT=1 go build -ldflags '' -o bin/go-demo-6 main.go

Showing logs for build [32mbmutziu-go-demo-6-master-releas-vj9w4-9[0m stage [32mfrom-build-pack[0m and container [32mstep-build-container-build[0m
[36mINFO[0m[0000] No base image, nothing to extract            
[36mINFO[0m[0000] cmd: EXPOSE                                  
[36mINFO[0m[0000] Adding exposed port: 8080/tcp                
[36mINFO[0m[0000] Using files from context: [/workspace/source/bin] 
[36mINFO[0m[0000] Skipping unpacking as no commands require it. 
[36mINFO[0m[0000] Taking snapshot of full filesystem...        
[36mINFO[0m[0000] EXPOSE 8080                                  
[36mINFO[0m[0000] cmd: EXPOSE                                  
[36mINFO[0m[0000] Adding exposed port: 8080/tcp                
[36mINFO[0m[0000] No files changed in this command, skipping snapshotting. 
[36mINFO[0m[0000] ENTRYPOINT ["/go-demo-6"]                    
[36mINFO[0m[0000] No files changed in this command, skipping snapshotting. 
[36mINFO[0m[0000] Using files from context: [/workspace/source/bin] 
[36mINFO[0m[0000] COPY ./bin/ /                                
[36mINFO[0m[0000] Taking snapshot of files...                  
2019/11/22 21:47:19 pushed blob: sha256:ca3**1494472e7ea09e4b5bd90b2c26cf3b8a8ed20036c4a578fd82bdc9e1b28
2019/11/22 21:47:20 pushed blob: sha256:0dd0c238c9b6715bd3c676a86806719aae58718052f116c05c86e93c509a574f
2019/11/22 21:47:20 gcr.io/bmgcpjx/go-demo-6:2.0.34: digest: sha256:e382453bcbe48c8f1493a009360bbc529022de169a678c0c48f2068a85e1c97d size: 428

Showing logs for build [32mbmutziu-go-demo-6-master-releas-vj9w4-9[0m stage [32mfrom-build-pack[0m and container [32mstep-build-post-build[0m
no CVE provider running in the current ** namespace so skip adding image to be analysed

Showing logs for build [32mbmutziu-go-demo-6-master-releas-vj9w4-9[0m stage [32mfrom-build-pack[0m and container [32mstep-promote-changelog[0m
Converted /workspace/source/charts/go-demo-6 to an unshallow repository
Generating change log from git ref e1aad4eecf6b554d85bdafe12fc402ab7c8b9038 => 0233c8e55519bb9b11676c97f85f75229009616b
Associating user ******* in users.jenkins.io with email *******@gmail.com to git GitProvider user with login -0 as emails match
Adding label jenkins.io/git-github-userid=-0 to user ******* in users.jenkins.io
WARNING: Failed to enrich commit 151e68e18dc2002bdd12b5ddf678e63420babb50 with issues: User.jenkins.io "*******" is invalid: metadata.labels: Invalid value: "-0": a valid label must be an empty string or consist of alphanumeric characters, '-', '_' or '.', and must start and end with an alphanumeric character (e.g. 'MyValue',  or 'my_value',  or '12345', regex used for validation is '(([A-Za-z0-9][-A-Za-z0-9_.]*)?[A-Za-z0-9])?')
Associating user ******* in users.jenkins.io with email *******@gmail.com to git GitProvider user with login -0 as emails match
Adding label jenkins.io/git-github-userid=-0 to user ******* in users.jenkins.io
WARNING: Failed to enrich commit 151e68e18dc2002bdd12b5ddf678e63420babb50 with issues: User.jenkins.io "*******" is invalid: metadata.labels: Invalid value: "-0": a valid label must be an empty string or consist of alphanumeric characters, '-', '_' or '.', and must start and end with an alphanumeric character (e.g. 'MyValue',  or 'my_value',  or '12345', regex used for validation is '(([A-Za-z0-9][-A-Za-z0-9_.]*)?[A-Za-z0-9])?')
Finding issues in commit messages using git format
WARNING: No release found for *******/go-demo-6 and tag v2.0.34 so creating a new release
Updated the release information at https://github.com/*******/go-demo-6/releases/tag/v2.0.34
generated: /workspace/source/charts/go-demo-6/templates/release.yaml
Created Release go-demo-6-2-0-34 resource in namespace **
Updating PipelineActivity *******-go-demo-6-master-9 with version 2.0.34
Updated PipelineActivities *******-go-demo-6-master-9 with release notes URL: https://github.com/*******/go-demo-6/releases/tag/v2.0.34

Showing logs for build [32mbmutziu-go-demo-6-master-releas-vj9w4-9[0m stage [32mfrom-build-pack[0m and container [32mstep-promote-helm-release[0m
WARNING: No $CHART_REPOSITORY defined so using the default value of: http://jenkins-x-chartmuseum:8080
Adding missing Helm repo: storage.googleapis.com https://storage.googleapis.com/chartmuseum.jenkins-x.io
Successfully added Helm repository storage.googleapis.com.
Adding missing Helm repo: jenkins-x-chartmuseum http://jenkins-x-chartmuseum:8080
Successfully added Helm repository jenkins-x-chartmuseum.
WARNING: No $CHART_REPOSITORY defined so using the default value of: http://jenkins-x-chartmuseum:8080
WARNING: No $CHART_REPOSITORY defined so using the default value of: http://jenkins-x-chartmuseum:8080
Uploading chart file go-demo-6-2.0.34.tgz to http://jenkins-x-chartmuseum:8080/api/charts
Received 201 response: {"saved":true}

Showing logs for build [32mbmutziu-go-demo-6-master-releas-vj9w4-9[0m stage [32mfrom-build-pack[0m and container [32mstep-promote-jx-promote[0m
WARNING: prow based install so skip waiting for the merge of Pull Requests to go green as currently there is an issue with gettingstatuses from the PR, see https://github.com/jenkins-x/jx/issues/2410
WARNING: No $CHART_REPOSITORY defined so using the default value of: http://jenkins-x-chartmuseum:8080
Promoting app go-demo-6 version 2.0.34 to namespace **-staging
Created Pull Request: https://github.com/*******/environment-tekton-staging/pull/5
Added label updatebot to Pull Request https://github.com/*******/environment-tekton-staging/pull/5
got git provider status pending from PR https://github.com/*******/environment-tekton-staging/pull/5
got git provider status pending from PR https://github.com/*******/environment-tekton-staging/pull/5
got git provider status pending from PR https://github.com/*******/environment-tekton-staging/pull/5
got git provider status pending from PR https://github.com/*******/environment-tekton-staging/pull/5
Pull Request https://github.com/*******/environment-tekton-staging/pull/5 is merged at sha 34e916962c232aadbf60962200e8a94bc994b2a0
Pull Request merged but we are not waiting for the update pipeline to complete!
