
Showing logs for build [32mbmutziu-go-demo-6-pr-3-serverle-htvrz-3[0m stage [32mfrom-build-pack[0m and container [32mstep-credential-initializer-l2765[0m
{"level":"warn","ts":1574101578.0061388,"logger":"fallback-logger","caller":"logging/config.go:69","msg":"Fetch GitHub commit ID from kodata failed: \"ref: refs/heads/master\" is not a valid GitHub commit ID"}
{"level":"info","ts":1574101578.006956,"logger":"fallback-logger","caller":"creds-init/main.go:40","msg":"Credentials initialized."}

Showing logs for build [32mbmutziu-go-demo-6-pr-3-serverle-htvrz-3[0m stage [32mfrom-build-pack[0m and container [32mstep-working-dir-initializer-gksrn[0m
{"level":"warn","ts":1574101578.948537,"logger":"fallback-logger","caller":"logging/config.go:69","msg":"Fetch GitHub commit ID from kodata failed: open /var/run/ko/HEAD: no such file or directory"}
{"level":"info","ts":1574101578.950027,"logger":"fallback-logger","caller":"bash/main.go:65","msg":"Successfully executed command \"mkdir -p /workspace/source\""}

Showing logs for build [32mbmutziu-go-demo-6-pr-3-serverle-htvrz-3[0m stage [32mfrom-build-pack[0m and container [32mstep-place-tools[0m

Showing logs for build [32mbmutziu-go-demo-6-pr-3-serverle-htvrz-3[0m stage [32mfrom-build-pack[0m and container [32mstep-git-source-bmutziu-go-demo-6-pr-3-serverle-drhr8[0m
{"level":"warn","ts":1574101589.0596068,"logger":"fallback-logger","caller":"logging/config.go:69","msg":"Fetch GitHub commit ID from kodata failed: \"ref: refs/heads/master\" is not a valid GitHub commit ID"}
{"level":"info","ts":1574101589.4546533,"logger":"fallback-logger","caller":"git/git.go:102","msg":"Successfully cloned https://github.com/*******/go-demo-6.git @ master in path /workspace/source"}

Showing logs for build [32mbmutziu-go-demo-6-pr-3-serverle-htvrz-3[0m stage [32mfrom-build-pack[0m and container [32mstep-git-merge[0m
Using SHAs from PULL_REFS=master:2417bceb96dcc3b0c964dd8e4c8ab43b8905e820,3:dd180d95652833b6**2fabbe76838663d5f73b28
DEBUG: ran git fetch --unshallow origin dd180d95652833b6**2fabbe76838663d5f73b28: 2417bceb96dcc3b0c964dd8e4c8ab43b8905e820: in 
DEBUG: ran git checkout master in 
DEBUG: ran git reset --hard 2417bceb96dcc3b0c964dd8e4c8ab43b8905e820 in 
DEBUG: ran clean --force -d . in 
DEBUG: ran git merge dd180d95652833b6**2fabbe76838663d5f73b28 in 
Merged SHA dd180d95652833b6**2fabbe76838663d5f73b28 with commit message 'Added sully tests' into base branch master
Merged SHA e4e0e89b6db7bedd70aa**95482f45bdc8160927 with commit message 'Trying to extend the pipeline' into base branch master
Merged SHA c965**9e23cc254aae3374cf00d7a98615bbfef1 with commit message 'Trying to extend the pipeline' into base branch master

Showing logs for build [32mbmutziu-go-demo-6-pr-3-serverle-htvrz-3[0m stage [32mfrom-build-pack[0m and container [32mstep-build-step2[0m
go: finding github.com/pmezard/go-difflib v1.0.0
go: finding github.com/matttproud/golang_protobuf_extensions v1.0.1
go: finding github.com/stretchr/objx v0.1.1
go: finding github.com/stretchr/testify v1.2.2
go: finding github.com/prometheus/client_model v0.0.0-20180712105110-5c3871d89910
go: finding github.com/prometheus/procfs v0.0.0-20181204211112-1dc9a6cbc91a
go: finding github.com/beorn7/perks v0.0.0-20180321164747-3a771d992973
go: finding github.com/prometheus/common v0.0.0-20181126121408-4724e9255275
go: finding github.com/prometheus/client_golang v0.9.2
go: finding gopkg.in/mgo.v2 v2.0.0-20180705113604-9856a29383ce
go: finding github.com/davecgh/go-spew v1.1.1
go: finding github.com/golang/protobuf v1.2.0
go: finding golang.org/x/net v0.0.0-20181201002055-351d144fa1fc
go: finding golang.org/x/sync v0.0.0-20181108010431-42b317875d0f
go: downloading gopkg.in/mgo.v2 v2.0.0-20180705113604-9856a29383ce
go: downloading github.com/prometheus/client_golang v0.9.2
go: extracting github.com/prometheus/client_golang v0.9.2
go: downloading github.com/beorn7/perks v0.0.0-20180321164747-3a771d992973
go: downloading github.com/prometheus/common v0.0.0-20181126121408-4724e9255275
go: downloading github.com/prometheus/client_model v0.0.0-20180712105110-5c3871d89910
go: downloading github.com/golang/protobuf v1.2.0
go: downloading github.com/prometheus/procfs v0.0.0-20181204211112-1dc9a6cbc91a
go: extracting github.com/beorn7/perks v0.0.0-20180321164747-3a771d992973
go: extracting gopkg.in/mgo.v2 v2.0.0-20180705113604-9856a29383ce
go: extracting github.com/prometheus/client_model v0.0.0-20180712105110-5c3871d89910
go: extracting github.com/prometheus/common v0.0.0-20181126121408-4724e9255275
go: downloading github.com/matttproud/golang_protobuf_extensions v1.0.1
go: extracting github.com/prometheus/procfs v0.0.0-20181204211112-1dc9a6cbc91a
go: extracting github.com/matttproud/golang_protobuf_extensions v1.0.1
go: extracting github.com/golang/protobuf v1.2.0
CGO_ENABLED=0 GO15VENDOREXPERIMENT=1 go test --run UnitTest -v
go: downloading github.com/stretchr/testify v1.2.2
go: extracting github.com/stretchr/testify v1.2.2
go: downloading github.com/davecgh/go-spew v1.1.1
go: downloading github.com/stretchr/objx v0.1.1
go: downloading github.com/pmezard/go-difflib v1.0.0
go: extracting github.com/pmezard/go-difflib v1.0.0
go: extracting github.com/davecgh/go-spew v1.1.1
go: extracting github.com/stretchr/objx v0.1.1
=== RUN   TestMainUnitTestSuite
=== RUN   TestMainUnitTestSuite/Test_HelloServer_Waits_WhenDelayIsPresent
=== RUN   TestMainUnitTestSuite/Test_HelloServer_WritesHelloWorld
=== RUN   TestMainUnitTestSuite/Test_HelloServer_WritesNokEventually
=== RUN   TestMainUnitTestSuite/Test_HelloServer_WritesOk
=== RUN   TestMainUnitTestSuite/Test_PersonServer_InvokesUpsertId_WhenPutPerson
=== RUN   TestMainUnitTestSuite/Test_PersonServer_Panics_WhenFindReturnsError
=== RUN   TestMainUnitTestSuite/Test_PersonServer_Panics_WhenUpsertIdReturnsError
=== RUN   TestMainUnitTestSuite/Test_PersonServer_WritesPeople
=== RUN   TestMainUnitTestSuite/Test_RunServer_InvokesListenAndServe
=== RUN   TestMainUnitTestSuite/Test_SetupMetrics_InitializesHistogram
--- PASS: TestMainUnitTestSuite (0.02s)
    --- PASS: TestMainUnitTestSuite/Test_HelloServer_Waits_WhenDelayIsPresent (0.00s)
    --- PASS: TestMainUnitTestSuite/Test_HelloServer_WritesHelloWorld (0.00s)
    --- PASS: TestMainUnitTestSuite/Test_HelloServer_WritesNokEventually (0.01s)
    --- PASS: TestMainUnitTestSuite/Test_HelloServer_WritesOk (0.00s)
    --- PASS: TestMainUnitTestSuite/Test_PersonServer_InvokesUpsertId_WhenPutPerson (0.00s)
    --- PASS: TestMainUnitTestSuite/Test_PersonServer_Panics_WhenFindReturnsError (0.00s)
    --- PASS: TestMainUnitTestSuite/Test_PersonServer_Panics_WhenUpsertIdReturnsError (0.00s)
    --- PASS: TestMainUnitTestSuite/Test_PersonServer_WritesPeople (0.00s)
    --- PASS: TestMainUnitTestSuite/Test_RunServer_InvokesListenAndServe (0.00s)
    --- PASS: TestMainUnitTestSuite/Test_SetupMetrics_InitializesHistogram (0.00s)
PASS
ok  	go-demo-6	0.023s

Showing logs for build [32mbmutziu-go-demo-6-pr-3-serverle-htvrz-3[0m stage [32mfrom-build-pack[0m and container [32mstep-build-make-linux[0m
CGO_ENABLED=0 GOOS=linux GOARCH=amd64 GO15VENDOREXPERIMENT=1 go build -ldflags '' -o bin/go-demo-6 main.go

Showing logs for build [32mbmutziu-go-demo-6-pr-3-serverle-htvrz-3[0m stage [32mfrom-build-pack[0m and container [32mstep-build-container-build[0m
[36mINFO[0m[0000] No base image, nothing to extract            
[36mINFO[0m[0000] cmd: EXPOSE                                  
[36mINFO[0m[0000] Adding exposed port: 8080/tcp                
[36mINFO[0m[0000] Using files from context: [/workspace/source/bin] 
[36mINFO[0m[0000] Skipping unpacking as no commands require it. 
[36mINFO[0m[0000] Taking snapshot of full filesystem...        
[36mINFO[0m[0000] EXPOSE 8080                                  
[36mINFO[0m[0000] cmd: EXPOSE                                  
[36mINFO[0m[0000] Adding exposed port: 8080/tcp                
[36mINFO[0m[0000] No files changed in this command, skipping snapshotting. 
[36mINFO[0m[0000] ENTRYPOINT ["/go-demo-6"]                    
[36mINFO[0m[0000] No files changed in this command, skipping snapshotting. 
[36mINFO[0m[0000] Using files from context: [/workspace/source/bin] 
[36mINFO[0m[0000] COPY ./bin/ /                                
[36mINFO[0m[0000] Taking snapshot of files...                  
2019/11/18 18:27:27 pushed blob: sha256:0811df874914c16d0ea69ff92db19c8e20e989dca12e355e3386939c862122bc
2019/11/18 18:27:28 pushed blob: sha256:8fd6e903f46f3749821e200e486f074c55a4f0c14c13a92a6949d24c**1e96c7
2019/11/18 18:27:28 gcr.io/bmgcpjx/go-demo-6:0.0.0-SNAPSHOT-PR-3-3: digest: sha256:dde4fe90f648312a61e3db113906e8ff900e3d09bf9f587a56e1585804792978 size: 428

Showing logs for build [32mbmutziu-go-demo-6-pr-3-serverle-htvrz-3[0m stage [32mfrom-build-pack[0m and container [32mstep-postbuild-post-build[0m
no CVE provider running in the current ** namespace so skip adding image to be analysed

Showing logs for build [32mbmutziu-go-demo-6-pr-3-serverle-htvrz-3[0m stage [32mfrom-build-pack[0m and container [32mstep-promote-make-preview[0m
sed -i -e "s/version:.*/version: 0.0.0-SNAPSHOT-PR-3-3/" Chart.yaml
sed -i -e "s/version:.*/version: 0.0.0-SNAPSHOT-PR-3-3/" ../*/Chart.yaml
sed -i -e "s|repository:.*|repository: gcr.io\/bmgcpjx\/go-demo-6|" values.yaml
sed -i -e "s/tag:.*/tag: 0.0.0-SNAPSHOT-PR-3-3/" values.yaml
echo "  version: 0.0.0-SNAPSHOT-PR-3-3" >> requirements.yaml
jx step helm build
WARNING: No $CHART_REPOSITORY defined so using the default value of: http://jenkins-x-chartmuseum:8080
Adding missing Helm repo: storage.googleapis.com https://storage.googleapis.com/chartmuseum.jenkins-x.io
Successfully added Helm repository storage.googleapis.com.
Adding missing Helm repo: jenkins-x-chartmuseum http://jenkins-x-chartmuseum:8080
Successfully added Helm repository jenkins-x-chartmuseum.
WARNING: No $CHART_REPOSITORY defined so using the default value of: http://jenkins-x-chartmuseum:8080
Adding missing Helm repo: chartmuseum.jenkins-x.io http://chartmuseum.jenkins-x.io
Successfully added Helm repository chartmuseum.jenkins-x.io.

Showing logs for build [32mbmutziu-go-demo-6-pr-3-serverle-htvrz-3[0m stage [32mfrom-build-pack[0m and container [32mstep-promote-jx-preview[0m
Creating a preview
Found commit author match for: ******* with email address: *******@gmail.com
expose:
  Annotations:
    helm.sh/hook: post-install,post-upgrade
    helm.sh/hook-delete-policy: hook-succeeded
  config:
    domain: 35.229.80.56.nip.io
    exposer: Ingress
    http: "true"
preview:
  image:
    repository: gcr.io/bmgcpjx/go-demo-6
    tag: 0.0.0-SNAPSHOT-PR-3-3
Cloning the Jenkins X versions repo https://github.com/jenkins-x/jenkins-x-versions.git with ref refs/heads/master to /builder/home/.jx/jenkins-x-versions


Updating PipelineActivities *******-go-demo-6-pr-3-3 which has status Running
Preview application is now available at: http://go-demo-6.**-*******-go-demo-6-pr-3.35.229.80.56.nip.io

Showing logs for build [32mbmutziu-go-demo-6-pr-3-serverle-htvrz-3[0m stage [32mfrom-build-pack[0m and container [32mstep-promote-step8[0m
CGO_ENABLED=0 GO15VENDOREXPERIMENT=1 go \
test -test.v --run FunctionalTest \
--cover
=== RUN   TestFunctionalTestSuite
=== RUN   TestFunctionalTestSuite/Test_Hello_ReturnsStatus200
2019/11/18 18:28:32 Sending a request to http://go-demo-6.**-*******-go-demo-6-pr-3.35.229.80.56.nip.io/demo/hello
=== RUN   TestFunctionalTestSuite/Test_Person_ReturnsStatus200
2019/11/18 18:28:32 Sending a request to http://go-demo-6.**-*******-go-demo-6-pr-3.35.229.80.56.nip.io/demo/person
--- PASS: TestFunctionalTestSuite (0.02s)
    --- PASS: TestFunctionalTestSuite/Test_Hello_ReturnsStatus200 (0.01s)
    --- PASS: TestFunctionalTestSuite/Test_Person_ReturnsStatus200 (0.01s)
PASS
coverage: 1.4% of statements
ok  	go-demo-6	0.023s

Showing logs for build [32mbmutziu-go-demo-6-pr-3-serverle-htvrz-3[0m stage [32mfrom-build-pack[0m and container [32mstep-promote-step9[0m
CGO_ENABLED=0 GO15VENDOREXPERIMENT=1 go \
test -test.v --run FunctionalTest \
--cover
=== RUN   TestFunctionalTestSuite
=== RUN   TestFunctionalTestSuite/Test_Hello_ReturnsStatus200
2019/11/18 18:28:36 Sending a request to http://this-domain-does-not-exist.com/demo/hello
panic: runtime error: invalid memory address or nil pointer dereference [recovered]
	panic: runtime error: invalid memory address or nil pointer dereference
[signal SIGSEGV: segmentation violation code=0x1 addr=0x10 pc=0x87cce1]

goroutine 22 [running]:
testing.tRunner.func1(0xc000100500)
	/usr/local/go/src/testing/testing.go:830 +0x392
panic(0x919720, 0xde9dd0)
	/usr/local/go/src/runtime/panic.go:522 +0x1b5
go-demo-6.FunctionalTestSuite.Test_Hello_ReturnsStatus200(0xc000131400, 0xc000131410, 0xc000100500, 0xc000028008, 0x25, 0x9a9996, 0x5)
	/workspace/source/functional_test.go:39 +0x1e1
reflect.Value.call(0xc00013d320, 0xc00008a928, 0x13, 0x9a96c3, 0x4, 0xc000087f30, 0x1, 0x1, 0xc000042668, 0x78, ...)
	/usr/local/go/src/reflect/value.go:447 +0x461
reflect.Value.Call(0xc00013d320, 0xc00008a928, 0x13, 0xc000042730, 0x1, 0x1, 0x8b9a73, 0x1b, 0x0)
	/usr/local/go/src/reflect/value.go:308 +0xa4
github.com/stretchr/testify/suite.Run.func2(0xc000100500)
	/home/jenkins/go/pkg/mod/github.com/stretchr/testify@v1.2.2/suite/suite.go:102 +0x2ce
testing.tRunner(0xc000100500, 0xc000144480)
	/usr/local/go/src/testing/testing.go:865 +0xc0
created by testing.(*T).Run
	/usr/local/go/src/testing/testing.go:916 +0x35a
exit status 2
FAIL	go-demo-6	0.043s
make: *** [functest] Error 1
[31m
Pipeline failed on stage 'from-build-pack' : container 'step-promote-step9'. The execution of the pipeline has stopped.[0m
