
Showing logs for build [32mbmutziu-go-demo-6-pr-6-serverle-1[0m stage [32mfrom-build-pack[0m and container [32mstep-credential-initializer-tk5q8[0m
{"level":"warn","ts":1574415738.2667663,"logger":"fallback-logger","caller":"logging/config.go:69","msg":"Fetch GitHub commit ID from kodata failed: \"ref: refs/heads/master\" is not a valid GitHub commit ID"}
{"level":"info","ts":1574415738.2673569,"logger":"fallback-logger","caller":"creds-init/main.go:40","msg":"Credentials initialized."}

Showing logs for build [32mbmutziu-go-demo-6-pr-6-serverle-1[0m stage [32mfrom-build-pack[0m and container [32mstep-working-dir-initializer-rmmbk[0m
{"level":"warn","ts":1574415739.6057417,"logger":"fallback-logger","caller":"logging/config.go:69","msg":"Fetch GitHub commit ID from kodata failed: open /var/run/ko/HEAD: no such file or directory"}
{"level":"info","ts":1574415739.6073048,"logger":"fallback-logger","caller":"bash/main.go:65","msg":"Successfully executed command \"mkdir -p /workspace/source\""}

Showing logs for build [32mbmutziu-go-demo-6-pr-6-serverle-1[0m stage [32mfrom-build-pack[0m and container [32mstep-place-tools[0m

Showing logs for build [32mbmutziu-go-demo-6-pr-6-serverle-1[0m stage [32mfrom-build-pack[0m and container [32mstep-git-source-bmutziu-go-demo-6-pr-6-serverle-65lzl[0m
{"level":"warn","ts":1574415746.6988692,"logger":"fallback-logger","caller":"logging/config.go:69","msg":"Fetch GitHub commit ID from kodata failed: \"ref: refs/heads/master\" is not a valid GitHub commit ID"}
{"level":"info","ts":1574415747.0708032,"logger":"fallback-logger","caller":"git/git.go:102","msg":"Successfully cloned https://github.com/*******/go-demo-6.git @ master in path /workspace/source"}

Showing logs for build [32mbmutziu-go-demo-6-pr-6-serverle-1[0m stage [32mfrom-build-pack[0m and container [32mstep-git-merge[0m
Using SHAs from PULL_REFS=master:d2222fa5d556726cadc6cbf954e021915d0adb3b,6:72e73f247aa54e1acbc46b3d1c6017bf8a04f626
DEBUG: ran git fetch --unshallow origin 72e73f247aa54e1acbc46b3d1c6017bf8a04f626: d2222fa5d556726cadc6cbf954e021915d0adb3b: in 
DEBUG: ran git checkout master in 
DEBUG: ran git reset --hard d2222fa5d556726cadc6cbf954e021915d0adb3b in 
DEBUG: ran clean --force -d . in 
DEBUG: ran git merge 72e73f247aa54e1acbc46b3d1c6017bf8a04f626 in 
Merged SHA 72e73f247aa54e1acbc46b3d1c6017bf8a04f626 with commit message 'rollout status' into base branch master

Showing logs for build [32mbmutziu-go-demo-6-pr-6-serverle-1[0m stage [32mfrom-build-pack[0m and container [32mstep-build-unit-tests[0m
go: finding github.com/pmezard/go-difflib v1.0.0
go: finding github.com/prometheus/procfs v0.0.0-20181204211112-1dc9a6cbc91a
go: finding github.com/stretchr/testify v1.2.2
go: finding github.com/beorn7/perks v0.0.0-20180321164747-3a771d992973
go: finding github.com/matttproud/golang_protobuf_extensions v1.0.1
go: finding github.com/prometheus/client_model v0.0.0-20180712105110-5c3871d89910
go: finding github.com/stretchr/objx v0.1.1
go: finding github.com/prometheus/client_golang v0.9.2
go: finding github.com/prometheus/common v0.0.0-20181126121408-4724e9255275
go: finding gopkg.in/mgo.v2 v2.0.0-20180705113604-9856a29383ce
go: finding github.com/davecgh/go-spew v1.1.1
go: finding github.com/golang/protobuf v1.2.0
go: finding golang.org/x/sync v0.0.0-20181108010431-42b317875d0f
go: finding golang.org/x/net v0.0.0-20181201002055-351d144fa1fc
go: downloading github.com/prometheus/client_golang v0.9.2
go: downloading gopkg.in/mgo.v2 v2.0.0-20180705113604-9856a29383ce
go: extracting github.com/prometheus/client_golang v0.9.2
go: downloading github.com/beorn7/perks v0.0.0-20180321164747-3a771d992973
go: downloading github.com/prometheus/common v0.0.0-20181126121408-4724e9255275
go: downloading github.com/prometheus/client_model v0.0.0-20180712105110-5c3871d89910
go: downloading github.com/prometheus/procfs v0.0.0-20181204211112-1dc9a6cbc91a
go: downloading github.com/golang/protobuf v1.2.0
go: extracting github.com/beorn7/perks v0.0.0-20180321164747-3a771d992973
go: extracting gopkg.in/mgo.v2 v2.0.0-20180705113604-9856a29383ce
go: extracting github.com/prometheus/client_model v0.0.0-20180712105110-5c3871d89910
go: extracting github.com/prometheus/procfs v0.0.0-20181204211112-1dc9a6cbc91a
go: extracting github.com/prometheus/common v0.0.0-20181126121408-4724e9255275
go: downloading github.com/matttproud/golang_protobuf_extensions v1.0.1
go: extracting github.com/matttproud/golang_protobuf_extensions v1.0.1
go: extracting github.com/golang/protobuf v1.2.0
CGO_ENABLED=0 GO15VENDOREXPERIMENT=1 go test --run UnitTest -v
go: downloading github.com/stretchr/testify v1.2.2
go: extracting github.com/stretchr/testify v1.2.2
go: downloading github.com/pmezard/go-difflib v1.0.0
go: downloading github.com/stretchr/objx v0.1.1
go: downloading github.com/davecgh/go-spew v1.1.1
go: extracting github.com/pmezard/go-difflib v1.0.0
go: extracting github.com/davecgh/go-spew v1.1.1
go: extracting github.com/stretchr/objx v0.1.1
=== RUN   TestMainUnitTestSuite
=== RUN   TestMainUnitTestSuite/Test_HelloServer_Waits_WhenDelayIsPresent
=== RUN   TestMainUnitTestSuite/Test_HelloServer_WritesHelloWorld
=== RUN   TestMainUnitTestSuite/Test_HelloServer_WritesNokEventually
=== RUN   TestMainUnitTestSuite/Test_HelloServer_WritesOk
=== RUN   TestMainUnitTestSuite/Test_PersonServer_InvokesUpsertId_WhenPutPerson
=== RUN   TestMainUnitTestSuite/Test_PersonServer_Panics_WhenFindReturnsError
=== RUN   TestMainUnitTestSuite/Test_PersonServer_Panics_WhenUpsertIdReturnsError
=== RUN   TestMainUnitTestSuite/Test_PersonServer_WritesPeople
=== RUN   TestMainUnitTestSuite/Test_RunServer_InvokesListenAndServe
=== RUN   TestMainUnitTestSuite/Test_SetupMetrics_InitializesHistogram
--- PASS: TestMainUnitTestSuite (0.01s)
    --- PASS: TestMainUnitTestSuite/Test_HelloServer_Waits_WhenDelayIsPresent (0.00s)
    --- PASS: TestMainUnitTestSuite/Test_HelloServer_WritesHelloWorld (0.00s)
    --- PASS: TestMainUnitTestSuite/Test_HelloServer_WritesNokEventually (0.00s)
    --- PASS: TestMainUnitTestSuite/Test_HelloServer_WritesOk (0.00s)
    --- PASS: TestMainUnitTestSuite/Test_PersonServer_InvokesUpsertId_WhenPutPerson (0.00s)
    --- PASS: TestMainUnitTestSuite/Test_PersonServer_Panics_WhenFindReturnsError (0.00s)
    --- PASS: TestMainUnitTestSuite/Test_PersonServer_Panics_WhenUpsertIdReturnsError (0.00s)
    --- PASS: TestMainUnitTestSuite/Test_PersonServer_WritesPeople (0.00s)
    --- PASS: TestMainUnitTestSuite/Test_RunServer_InvokesListenAndServe (0.00s)
    --- PASS: TestMainUnitTestSuite/Test_SetupMetrics_InitializesHistogram (0.00s)
PASS
ok  	go-demo-6	0.016s

Showing logs for build [32mbmutziu-go-demo-6-pr-6-serverle-1[0m stage [32mfrom-build-pack[0m and container [32mstep-build-make-linux[0m
CGO_ENABLED=0 GOOS=linux GOARCH=amd64 GO15VENDOREXPERIMENT=1 go build -ldflags '' -o bin/go-demo-6 main.go

Showing logs for build [32mbmutziu-go-demo-6-pr-6-serverle-1[0m stage [32mfrom-build-pack[0m and container [32mstep-build-container-build[0m
[36mINFO[0m[0000] No base image, nothing to extract            
[36mINFO[0m[0000] cmd: EXPOSE                                  
[36mINFO[0m[0000] Adding exposed port: 8080/tcp                
[36mINFO[0m[0000] Using files from context: [/workspace/source/bin] 
[36mINFO[0m[0000] Skipping unpacking as no commands require it. 
[36mINFO[0m[0000] Taking snapshot of full filesystem...        
[36mINFO[0m[0000] EXPOSE 8080                                  
[36mINFO[0m[0000] cmd: EXPOSE                                  
[36mINFO[0m[0000] Adding exposed port: 8080/tcp                
[36mINFO[0m[0000] No files changed in this command, skipping snapshotting. 
[36mINFO[0m[0000] ENTRYPOINT ["/go-demo-6"]                    
[36mINFO[0m[0000] No files changed in this command, skipping snapshotting. 
[36mINFO[0m[0000] Using files from context: [/workspace/source/bin] 
[36mINFO[0m[0000] COPY ./bin/ /                                
[36mINFO[0m[0000] Taking snapshot of files...                  
2019/11/22 09:43:17 pushed blob: sha256:1b84ef393f0f5d13eac2814baf2283eb02c980bc6edc3d1ac8e74d4065b7b602
2019/11/22 09:43:18 pushed blob: sha256:9817720f19d4e40493ce0ac7a61599d51c70dd4a6b3f7ba8bf9672311b125e35
2019/11/22 09:43:18 gcr.io/bmgcpjx/go-demo-6:0.0.0-SNAPSHOT-PR-6-1: digest: sha256:5624bd709539714fe772be72eeddaa0edf5d0e88bdbe6b5036da5a445613453a size: 428

Showing logs for build [32mbmutziu-go-demo-6-pr-6-serverle-1[0m stage [32mfrom-build-pack[0m and container [32mstep-postbuild-post-build[0m
no CVE provider running in the current ** namespace so skip adding image to be analysed

Showing logs for build [32mbmutziu-go-demo-6-pr-6-serverle-1[0m stage [32mfrom-build-pack[0m and container [32mstep-promote-make-preview[0m
sed -i -e "s/version:.*/version: 0.0.0-SNAPSHOT-PR-6-1/" Chart.yaml
sed -i -e "s/version:.*/version: 0.0.0-SNAPSHOT-PR-6-1/" ../*/Chart.yaml
sed -i -e "s|repository:.*|repository: gcr.io\/vfarcic\/go-demo-6|" values.yaml
sed -i -e "s/tag:.*/tag: 0.0.0-SNAPSHOT-PR-6-1/" values.yaml
echo "  version: 0.0.0-SNAPSHOT-PR-6-1" >> requirements.yaml
jx step helm build
WARNING: No $CHART_REPOSITORY defined so using the default value of: http://jenkins-x-chartmuseum:8080
Adding missing Helm repo: storage.googleapis.com https://storage.googleapis.com/chartmuseum.jenkins-x.io
Successfully added Helm repository storage.googleapis.com.
Adding missing Helm repo: jenkins-x-chartmuseum http://jenkins-x-chartmuseum:8080
Successfully added Helm repository jenkins-x-chartmuseum.
WARNING: No $CHART_REPOSITORY defined so using the default value of: http://jenkins-x-chartmuseum:8080
Adding missing Helm repo: chartmuseum.jenkins-x.io http://chartmuseum.jenkins-x.io
Successfully added Helm repository chartmuseum.jenkins-x.io.

Showing logs for build [32mbmutziu-go-demo-6-pr-6-serverle-1[0m stage [32mfrom-build-pack[0m and container [32mstep-promote-jx-preview[0m
Creating a preview
Found commit author match for: ******* with email address: *******@gmail.com
Created environment *******-go-demo-6-pr-6
Namespace **-*******-go-demo-6-pr-6 created 
expose:
  Annotations:
    helm.sh/hook: post-install,post-upgrade
    helm.sh/hook-delete-policy: hook-succeeded
  config:
    domain: 35.229.80.56.nip.io
    exposer: Ingress
    http: "true"
preview:
  image:
    repository: gcr.io/bmgcpjx/go-demo-6
    tag: 0.0.0-SNAPSHOT-PR-6-1
Cloning the Jenkins X versions repo https://github.com/jenkins-x/jenkins-x-versions.git with ref refs/heads/master to /builder/home/.jx/jenkins-x-versions


Updating PipelineActivities *******-go-demo-6-pr-6-1 which has status Running
WARNING: preview application http://go-demo-6.**-*******-go-demo-6-pr-6.35.229.80.56.nip.io not available, error was 503 503 Service Temporarily Unavailable, delaying for: 1.023820306s
WARNING: preview application http://go-demo-6.**-*******-go-demo-6-pr-6.35.229.80.56.nip.io not available, error was 503 503 Service Temporarily Unavailable, delaying for: 1.660880159s
WARNING: preview application http://go-demo-6.**-*******-go-demo-6-pr-6.35.229.80.56.nip.io not available, error was 503 503 Service Temporarily Unavailable, delaying for: 2.463319345s
WARNING: preview application http://go-demo-6.**-*******-go-demo-6-pr-6.35.229.80.56.nip.io not available, error was 503 503 Service Temporarily Unavailable, delaying for: 2.705139048s
WARNING: preview application http://go-demo-6.**-*******-go-demo-6-pr-6.35.229.80.56.nip.io not available, error was 503 503 Service Temporarily Unavailable, delaying for: 5.286037588s
WARNING: preview application http://go-demo-6.**-*******-go-demo-6-pr-6.35.229.80.56.nip.io not available, error was 503 503 Service Temporarily Unavailable, delaying for: 7.826010276s
WARNING: preview application http://go-demo-6.**-*******-go-demo-6-pr-6.35.229.80.56.nip.io not available, error was 503 503 Service Temporarily Unavailable, delaying for: 14.67801536s
WARNING: preview application http://go-demo-6.**-*******-go-demo-6-pr-6.35.229.80.56.nip.io not available, error was 503 503 Service Temporarily Unavailable, delaying for: 13.619410266s
WARNING: preview application http://go-demo-6.**-*******-go-demo-6-pr-6.35.229.80.56.nip.io not available, error was 503 503 Service Temporarily Unavailable, delaying for: 37.851763965s
WARNING: preview application http://go-demo-6.**-*******-go-demo-6-pr-6.35.229.80.56.nip.io not available, error was 503 503 Service Temporarily Unavailable, delaying for: 45.404618014s
WARNING: preview application http://go-demo-6.**-*******-go-demo-6-pr-6.35.229.80.56.nip.io not available, error was 503 503 Service Temporarily Unavailable, delaying for: 1m22.625145271s
WARNING: preview application http://go-demo-6.**-*******-go-demo-6-pr-6.35.229.80.56.nip.io not available, error was 503 503 Service Temporarily Unavailable, delaying for: 1m13.813888638s
WARNING: preview application http://go-demo-6.**-*******-go-demo-6-pr-6.35.229.80.56.nip.io not available, error was 503 503 Service Temporarily Unavailable, delaying for: 1m23.819517454s
error: error checking if preview application http://go-demo-6.**-*******-go-demo-6-pr-6.35.229.80.56.nip.io is available: preview application http://go-demo-6.**-*******-go-demo-6-pr-6.35.229.80.56.nip.io not available, error was 503 503 Service Temporarily Unavailable
[31m
Pipeline failed on stage 'from-build-pack' : container 'step-promote-jx-preview'. The execution of the pipeline has stopped.[0m
