
Showing logs for build [32mbmutziu-go-demo-6-pr-10-serverl-qvd8n-2[0m stage [32mfrom-build-pack[0m and container [32mstep-credential-initializer-6r442[0m
{"level":"warn","ts":1574454935.8943226,"logger":"fallback-logger","caller":"logging/config.go:69","msg":"Fetch GitHub commit ID from kodata failed: \"ref: refs/heads/master\" is not a valid GitHub commit ID"}
{"level":"info","ts":1574454935.8949163,"logger":"fallback-logger","caller":"creds-init/main.go:40","msg":"Credentials initialized."}

Showing logs for build [32mbmutziu-go-demo-6-pr-10-serverl-qvd8n-2[0m stage [32mfrom-build-pack[0m and container [32mstep-working-dir-initializer-qf4nf[0m
{"level":"warn","ts":1574454936.8830576,"logger":"fallback-logger","caller":"logging/config.go:69","msg":"Fetch GitHub commit ID from kodata failed: open /var/run/ko/HEAD: no such file or directory"}
{"level":"info","ts":1574454936.8849258,"logger":"fallback-logger","caller":"bash/main.go:65","msg":"Successfully executed command \"mkdir -p /workspace/source\""}

Showing logs for build [32mbmutziu-go-demo-6-pr-10-serverl-qvd8n-2[0m stage [32mfrom-build-pack[0m and container [32mstep-place-tools[0m

Showing logs for build [32mbmutziu-go-demo-6-pr-10-serverl-qvd8n-2[0m stage [32mfrom-build-pack[0m and container [32mstep-git-source-bmutziu-go-demo-6-pr-10-serverl-4qmcp[0m
{"level":"warn","ts":1574454948.0400813,"logger":"fallback-logger","caller":"logging/config.go:69","msg":"Fetch GitHub commit ID from kodata failed: \"ref: refs/heads/master\" is not a valid GitHub commit ID"}
{"level":"info","ts":1574454948.4453673,"logger":"fallback-logger","caller":"git/git.go:102","msg":"Successfully cloned https://github.com/*******/go-demo-6.git @ master in path /workspace/source"}

Showing logs for build [32mbmutziu-go-demo-6-pr-10-serverl-qvd8n-2[0m stage [32mfrom-build-pack[0m and container [32mstep-git-merge[0m
Using SHAs from PULL_REFS=master:d78e604890cea9a92157ff3cf3a0b05dc3b065b8,10:597f6fa35f0a4fa8c34b6d4986d57f2b8be1dd28
DEBUG: ran git fetch --unshallow origin 597f6fa35f0a4fa8c34b6d4986d57f2b8be1dd28: d78e604890cea9a92157ff3cf3a0b05dc3b065b8: in 
DEBUG: ran git checkout master in 
DEBUG: ran git reset --hard d78e604890cea9a92157ff3cf3a0b05dc3b065b8 in 
DEBUG: ran clean --force -d . in 
DEBUG: ran git merge 597f6fa35f0a4fa8c34b6d4986d57f2b8be1dd28 in 
Merged SHA 597f6fa35f0a4fa8c34b6d4986d57f2b8be1dd28 with commit message 'Code coverage' into base branch master
Merged SHA 9aa0daa7fdf0d1259b568fb4c285f49d1df89c72 with commit message 'rollout status' into base branch master

Showing logs for build [32mbmutziu-go-demo-6-pr-10-serverl-qvd8n-2[0m stage [32mfrom-build-pack[0m and container [32mstep-build-unit-tests[0m
go: finding github.com/prometheus/client_golang v0.9.2
go: finding github.com/davecgh/go-spew v1.1.1
go: finding github.com/beorn7/perks v0.0.0-20180321164747-3a771d992973
go: finding github.com/pmezard/go-difflib v1.0.0
go: finding github.com/matttproud/golang_protobuf_extensions v1.0.1
go: finding github.com/prometheus/client_model v0.0.0-20180712105110-5c3871d89910
go: finding github.com/golang/protobuf v1.2.0
go: finding github.com/stretchr/testify v1.2.2
go: finding github.com/stretchr/objx v0.1.1
go: finding gopkg.in/mgo.v2 v2.0.0-20180705113604-9856a29383ce
go: finding github.com/prometheus/common v0.0.0-20181126121408-4724e9255275
go: finding github.com/prometheus/procfs v0.0.0-20181204211112-1dc9a6cbc91a
go: finding golang.org/x/sync v0.0.0-20181108010431-42b317875d0f
go: finding golang.org/x/net v0.0.0-20181201002055-351d144fa1fc
go: downloading github.com/prometheus/client_golang v0.9.2
go: downloading gopkg.in/mgo.v2 v2.0.0-20180705113604-9856a29383ce
go: extracting github.com/prometheus/client_golang v0.9.2
go: downloading github.com/beorn7/perks v0.0.0-20180321164747-3a771d992973
go: downloading github.com/prometheus/common v0.0.0-20181126121408-4724e9255275
go: downloading github.com/prometheus/procfs v0.0.0-20181204211112-1dc9a6cbc91a
go: downloading github.com/golang/protobuf v1.2.0
go: downloading github.com/prometheus/client_model v0.0.0-20180712105110-5c3871d89910
go: extracting github.com/beorn7/perks v0.0.0-20180321164747-3a771d992973
go: extracting github.com/prometheus/common v0.0.0-20181126121408-4724e9255275
go: extracting github.com/prometheus/procfs v0.0.0-20181204211112-1dc9a6cbc91a
go: extracting github.com/prometheus/client_model v0.0.0-20180712105110-5c3871d89910
go: extracting gopkg.in/mgo.v2 v2.0.0-20180705113604-9856a29383ce
go: downloading github.com/matttproud/golang_protobuf_extensions v1.0.1
go: extracting github.com/matttproud/golang_protobuf_extensions v1.0.1
go: extracting github.com/golang/protobuf v1.2.0
CGO_ENABLED=0 GO15VENDOREXPERIMENT=1 go test --run UnitTest \
-v -coverprofile=coverage.txt -covermode=atomic
go: downloading github.com/stretchr/testify v1.2.2
go: extracting github.com/stretchr/testify v1.2.2
go: downloading github.com/davecgh/go-spew v1.1.1
go: downloading github.com/stretchr/objx v0.1.1
go: downloading github.com/pmezard/go-difflib v1.0.0
go: extracting github.com/pmezard/go-difflib v1.0.0
go: extracting github.com/davecgh/go-spew v1.1.1
go: extracting github.com/stretchr/objx v0.1.1
=== RUN   TestMainUnitTestSuite
=== RUN   TestMainUnitTestSuite/Test_HelloServer_Waits_WhenDelayIsPresent
=== RUN   TestMainUnitTestSuite/Test_HelloServer_WritesHelloWorld
=== RUN   TestMainUnitTestSuite/Test_HelloServer_WritesNokEventually
=== RUN   TestMainUnitTestSuite/Test_HelloServer_WritesOk
=== RUN   TestMainUnitTestSuite/Test_PersonServer_InvokesUpsertId_WhenPutPerson
=== RUN   TestMainUnitTestSuite/Test_PersonServer_Panics_WhenFindReturnsError
=== RUN   TestMainUnitTestSuite/Test_PersonServer_Panics_WhenUpsertIdReturnsError
=== RUN   TestMainUnitTestSuite/Test_PersonServer_WritesPeople
=== RUN   TestMainUnitTestSuite/Test_RunServer_InvokesListenAndServe
=== RUN   TestMainUnitTestSuite/Test_SetupMetrics_InitializesHistogram
--- PASS: TestMainUnitTestSuite (0.01s)
    --- PASS: TestMainUnitTestSuite/Test_HelloServer_Waits_WhenDelayIsPresent (0.00s)
    --- PASS: TestMainUnitTestSuite/Test_HelloServer_WritesHelloWorld (0.00s)
    --- PASS: TestMainUnitTestSuite/Test_HelloServer_WritesNokEventually (0.01s)
    --- PASS: TestMainUnitTestSuite/Test_HelloServer_WritesOk (0.00s)
    --- PASS: TestMainUnitTestSuite/Test_PersonServer_InvokesUpsertId_WhenPutPerson (0.00s)
    --- PASS: TestMainUnitTestSuite/Test_PersonServer_Panics_WhenFindReturnsError (0.00s)
    --- PASS: TestMainUnitTestSuite/Test_PersonServer_Panics_WhenUpsertIdReturnsError (0.00s)
    --- PASS: TestMainUnitTestSuite/Test_PersonServer_WritesPeople (0.00s)
    --- PASS: TestMainUnitTestSuite/Test_RunServer_InvokesListenAndServe (0.00s)
    --- PASS: TestMainUnitTestSuite/Test_SetupMetrics_InitializesHistogram (0.00s)
PASS
coverage: 75.0% of statements
ok  	go-demo-6	0.022s

Showing logs for build [32mbmutziu-go-demo-6-pr-10-serverl-qvd8n-2[0m stage [32mfrom-build-pack[0m and container [32mstep-build-code-coverage[0m

  _____          _
 / ____|        | |
| |     ___   __| | ___  ___ _____   __
| |    / _ \ / _` |/ _ \/ __/ _ \ \ / /
| |___| (_) | (_| |  __/ (_| (_) \ V /
 \_____\___/ \__,_|\___|\___\___/ \_/
                              Bash-8a28df4


[0;31mx>[0m No CI provider detected.
    Testing inside Docker? [0;36mhttp://docs.codecov.io/docs/testing-with-docker[0m
    Testing with Tox? [0;36mhttps://docs.codecov.io/docs/python#section-testing-with-tox[0m
    [0;90mproject root:[0m .
[0;90m-->[0m token set from env
    [0;32mYaml not found, that's ok! Learn more at[0m [0;36mhttp://docs.codecov.io/docs/codecov-yaml[0m
[0;90m==>[0m Running gcov in . [0;90m(disable via -X gcov)[0m
find: unrecognized: -exe**ir
BusyBox v1.29.3 (2019-01-24 07:45:07 UTC) multi-call binary.

Usage: find [-HL] [PATH]... [OPTIONS] [ACTIONS]

Search for files and perform actions on them.
First failed action stops processing of current file.
Defaults: PATH is current directory, action is '-print'

	-L,-follow	Follow symlinks
	-H		...on command line only
	-xdev		Don't descend directories on other filesystems
	-maxdepth N	Descend at most N levels. -maxdepth 0 applies
			actions to command line arguments only
	-mindepth N	Don't act on first N levels
	-depth		Act on directory *after* traversing it

Actions:
	( ACTIONS )	Group actions for -o / -a
	! ACT		Invert ACT's success/failure
	ACT1 [-a] ACT2	If ACT1 fails, stop, else do ACT2
	ACT1 -o ACT2	If ACT1 succeeds, stop, else do ACT2
			Note: -a has higher priority than -o
	-name PATTERN	Match file name (w/o directory name) to PATTERN
	-iname PATTERN	Case insensitive -name
	-path PATTERN	Match path to PATTERN
	-ipath PATTERN	Case insensitive -path
	-regex PATTERN	Match path to regex PATTERN
	-type X		File type is X (one of: f,d,l,b,c,s,p)
	-perm MASK	At least one mask bit (+MASK), all bits (-MASK),
			or exactly MASK bits are set in file's mode
	-mtime DAYS	mtime is greater than (+N), less than (-N),
			or exactly N days in the past
	-mmin MINS	mtime is greater than (+N), less than (-N),
			or exactly N minutes in the past
	-newer FILE	mtime is more recent than FILE's
	-inum N		File has inode number N
	-user NAME/ID	File is owned by given user
	-group NAME/ID	File is owned by given group
	-size N[bck]	File size is N (c:bytes,k:kbytes,b:512 bytes(def.))
			+/-N: file size is bigger/smaller than N
	-links N	Number of links is greater than (+N), less than (-N),
			or exactly N
	-prune		If current file is directory, don't descend into it
If none of the following actions is specified, -print is assumed
	-print		Print file name
	-print0		Print file name, NUL terminated
	-exec CMD ARG ;	Run CMD with all instances of {} replaced by
			file name. Fails if CMD exits with nonzero
	-exec CMD ARG + Run CMD with {} replaced by list of file names
	-delete		Delete current file/directory. Turns on -depth option
[0;90m==>[0m Python coveragepy not found
[0;90m==>[0m Searching for coverage reports in:
    [0;32m+[0m .
    [0;90m->[0m Found 1 reports
[0;90m==>[0m Detecting git/mercurial file structure
[0;90m==>[0m Reading reports
    [0;32m+[0m ./coverage.txt [0;90mbytes=1289[0m
[0;90m==>[0m Appending adjustments
    [0;36mhttp://docs.codecov.io/docs/fixing-reports[0m
    [0;32m+[0m Found adjustments
[0;90m==>[0m Gzipping contents
[0;90m==>[0m Uploading reports
    [0;90murl:[0m https://codecov.io
    [0;90mquery:[0m branch=master&commit=597f6fa35f0a4fa8c34b6d4986d57f2b8be1dd28&build=&build_url=&name=&tag=&slug=*******%2Fgo-demo-6&service=&flags=&pr=&job=
    [0;90m->[0m Pinging Codecov
https://codecov.io/upload/v4?package=bash-8a28df4&token=ea1e3724-bf46-47d6-b3bb-b479f73a3a9d&branch=master&commit=597f6fa35f0a4fa8c34b6d4986d57f2b8be1dd28&build=&build_url=&name=&tag=&slug=*******%2Fgo-demo-6&service=&flags=&pr=&job=
    [0;90m->[0m Uploading
    [0;32m->[0m View reports at [0;36mhttps://codecov.io/github/*******/go-demo-6/commit/597f6fa35f0a4fa8c34b6d4986d57f2b8be1dd28[0m

Showing logs for build [32mbmutziu-go-demo-6-pr-10-serverl-qvd8n-2[0m stage [32mfrom-build-pack[0m and container [32mstep-build-make-linux[0m
CGO_ENABLED=0 GOOS=linux GOARCH=amd64 GO15VENDOREXPERIMENT=1 go build -ldflags '' -o bin/go-demo-6 main.go

Showing logs for build [32mbmutziu-go-demo-6-pr-10-serverl-qvd8n-2[0m stage [32mfrom-build-pack[0m and container [32mstep-build-container-build[0m
[36mINFO[0m[0000] No base image, nothing to extract            
[36mINFO[0m[0000] cmd: EXPOSE                                  
[36mINFO[0m[0000] Adding exposed port: 8080/tcp                
[36mINFO[0m[0000] Using files from context: [/workspace/source/bin] 
[36mINFO[0m[0000] Skipping unpacking as no commands require it. 
[36mINFO[0m[0000] Taking snapshot of full filesystem...        
[36mINFO[0m[0000] EXPOSE 8080                                  
[36mINFO[0m[0000] cmd: EXPOSE                                  
[36mINFO[0m[0000] Adding exposed port: 8080/tcp                
[36mINFO[0m[0000] No files changed in this command, skipping snapshotting. 
[36mINFO[0m[0000] ENTRYPOINT ["/go-demo-6"]                    
[36mINFO[0m[0000] No files changed in this command, skipping snapshotting. 
[36mINFO[0m[0000] Using files from context: [/workspace/source/bin] 
[36mINFO[0m[0000] COPY ./bin/ /                                
[36mINFO[0m[0000] Taking snapshot of files...                  
2019/11/22 20:36:44 pushed blob: sha256:95300fbd51066c3652c0ac270ced26fb9f8a8d6ec1763622312ede94eb9adc1a
2019/11/22 20:36:45 pushed blob: sha256:ea37605412622fbce127cc8c225679c52c8fa21a4eb982b7d6aef3deee374787
2019/11/22 20:36:45 gcr.io/bmgcpjx/go-demo-6:0.0.0-SNAPSHOT-PR-10-2: digest: sha256:dc49975c02b854d854d495d732a477365389572d7f717db8f6a730f6271648ec size: 428

Showing logs for build [32mbmutziu-go-demo-6-pr-10-serverl-qvd8n-2[0m stage [32mfrom-build-pack[0m and container [32mstep-postbuild-post-build[0m
no CVE provider running in the current ** namespace so skip adding image to be analysed

Showing logs for build [32mbmutziu-go-demo-6-pr-10-serverl-qvd8n-2[0m stage [32mfrom-build-pack[0m and container [32mstep-promote-make-preview[0m
sed -i -e "s/version:.*/version: 0.0.0-SNAPSHOT-PR-10-2/" Chart.yaml
sed -i -e "s/version:.*/version: 0.0.0-SNAPSHOT-PR-10-2/" ../*/Chart.yaml
sed -i -e "s|repository:.*|repository: gcr.io\/bmgcpjx\/go-demo-6|" values.yaml
sed -i -e "s/tag:.*/tag: 0.0.0-SNAPSHOT-PR-10-2/" values.yaml
echo "  version: 0.0.0-SNAPSHOT-PR-10-2" >> requirements.yaml
jx step helm build
WARNING: No $CHART_REPOSITORY defined so using the default value of: http://jenkins-x-chartmuseum:8080
Adding missing Helm repo: storage.googleapis.com https://storage.googleapis.com/chartmuseum.jenkins-x.io
Successfully added Helm repository storage.googleapis.com.
Adding missing Helm repo: jenkins-x-chartmuseum http://jenkins-x-chartmuseum:8080
Successfully added Helm repository jenkins-x-chartmuseum.
WARNING: No $CHART_REPOSITORY defined so using the default value of: http://jenkins-x-chartmuseum:8080
Adding missing Helm repo: chartmuseum.jenkins-x.io http://chartmuseum.jenkins-x.io
Successfully added Helm repository chartmuseum.jenkins-x.io.

Showing logs for build [32mbmutziu-go-demo-6-pr-10-serverl-qvd8n-2[0m stage [32mfrom-build-pack[0m and container [32mstep-promote-jx-preview[0m
Creating a preview
Found commit author match for: ******* with email address: *******@gmail.com
expose:
  Annotations:
    helm.sh/hook: post-install,post-upgrade
    helm.sh/hook-delete-policy: hook-succeeded
  config:
    domain: jxxj.*******.me
    exposer: Ingress
    http: "true"
preview:
  image:
    repository: gcr.io/bmgcpjx/go-demo-6
    tag: 0.0.0-SNAPSHOT-PR-10-2
Cloning the Jenkins X versions repo https://github.com/jenkins-x/jenkins-x-versions.git with ref refs/heads/master to /builder/home/.jx/jenkins-x-versions


Updating PipelineActivities *******-go-demo-6-pr-10-2 which has status Running
Preview application is now available at: http://go-demo-6.**-*******-go-demo-6-pr-10.jxxj.*******.me

Showing logs for build [32mbmutziu-go-demo-6-pr-10-serverl-qvd8n-2[0m stage [32mfrom-build-pack[0m and container [32mstep-promote-rollout[0m
deployment "preview-preview" successfully rolled out

Showing logs for build [32mbmutziu-go-demo-6-pr-10-serverl-qvd8n-2[0m stage [32mfrom-build-pack[0m and container [32mstep-promote-functional-tests[0m
CGO_ENABLED=0 GO15VENDOREXPERIMENT=1 go \
test -test.v --run FunctionalTest \
-coverprofile=coverage.txt -covermode=atomic
=== RUN   TestFunctionalTestSuite
=== RUN   TestFunctionalTestSuite/Test_Hello_ReturnsStatus200
2019/11/22 20:38:08 Sending a request to http://go-demo-6.**-*******-go-demo-6-pr-10.jxxj.*******.me/demo/hello
=== RUN   TestFunctionalTestSuite/Test_Person_ReturnsStatus200
2019/11/22 20:38:09 Sending a request to http://go-demo-6.**-*******-go-demo-6-pr-10.jxxj.*******.me/demo/person
--- PASS: TestFunctionalTestSuite (0.06s)
    --- PASS: TestFunctionalTestSuite/Test_Hello_ReturnsStatus200 (0.04s)
    --- PASS: TestFunctionalTestSuite/Test_Person_ReturnsStatus200 (0.02s)
PASS
coverage: 1.4% of statements
ok  	go-demo-6	0.062s
