
Showing logs for build [32mmeta-bmutziu-go-demo-6-pr-17-se-1[0m stage [32mmeta-pipeline[0m and container [32mstep-credential-initializer-v4s9l[0m
{"level":"warn","ts":1574626166.136336,"logger":"fallback-logger","caller":"logging/config.go:69","msg":"Fetch GitHub commit ID from kodata failed: \"ref: refs/heads/master\" is not a valid GitHub commit ID"}
{"level":"info","ts":1574626166.1369228,"logger":"fallback-logger","caller":"creds-init/main.go:40","msg":"Credentials initialized."}

Showing logs for build [32mmeta-bmutziu-go-demo-6-pr-17-se-1[0m stage [32mmeta-pipeline[0m and container [32mstep-working-dir-initializer-v2l6l[0m
{"level":"warn","ts":1574626167.0421324,"logger":"fallback-logger","caller":"logging/config.go:69","msg":"Fetch GitHub commit ID from kodata failed: open /var/run/ko/HEAD: no such file or directory"}
{"level":"info","ts":1574626167.0441644,"logger":"fallback-logger","caller":"bash/main.go:65","msg":"Successfully executed command \"mkdir -p /workspace/source\""}

Showing logs for build [32mmeta-bmutziu-go-demo-6-pr-17-se-1[0m stage [32mmeta-pipeline[0m and container [32mstep-place-tools[0m

Showing logs for build [32mmeta-bmutziu-go-demo-6-pr-17-se-1[0m stage [32mmeta-pipeline[0m and container [32mstep-git-source-meta-bmutziu-go-demo-6-pr-17-se-tsn2m[0m
{"level":"warn","ts":1574626173.1193233,"logger":"fallback-logger","caller":"logging/config.go:69","msg":"Fetch GitHub commit ID from kodata failed: \"ref: refs/heads/master\" is not a valid GitHub commit ID"}
{"level":"info","ts":1574626173.4923863,"logger":"fallback-logger","caller":"git/git.go:102","msg":"Successfully cloned https://github.com/*******/go-demo-6.git @ 1a822d6424d6351b9703429662f**7f77fb8b0ea in path /workspace/source"}

Showing logs for build [32mmeta-bmutziu-go-demo-6-pr-17-se-1[0m stage [32mmeta-pipeline[0m and container [32mstep-git-merge[0m
Using SHAs from PULL_REFS=master:1a822d6424d6351b9703429662f**7f77fb8b0ea,17:e923bc904129fd2ce4156e8c93e72dc7c2f65fe0
DEBUG: ran git fetch --unshallow origin e923bc904129fd2ce4156e8c93e72dc7c2f65fe0: 1a822d6424d6351b9703429662f**7f77fb8b0ea: in 
DEBUG: ran git checkout master in 
DEBUG: ran git reset --hard 1a822d6424d6351b9703429662f**7f77fb8b0ea in 
DEBUG: ran clean --force -d . in 
error: error during merge: merging e923bc904129fd2ce4156e8c93e72dc7c2f65fe0 into master: git output: Auto-merging charts/go-demo-6/templates/service.yaml
CONFLICT (content): Merge conflict in charts/go-demo-6/templates/service.yaml
Automatic merge failed; fix conflicts and then commit the result.: failed to run 'git merge e923bc904129fd2ce4156e8c93e72dc7c2f65fe0' command in directory '', output: 'Auto-merging charts/go-demo-6/templates/service.yaml
CONFLICT (content): Merge conflict in charts/go-demo-6/templates/service.yaml
Automatic merge failed; fix conflicts and then commit the result.'
[31m
Pipeline failed on stage 'meta-pipeline' : container 'step-git-merge'. The execution of the pipeline has stopped.[0m
